2025-04-07 06:49:07 [INFO] root: Logging configured successfully
2025-04-07 06:49:08 [DEBUG] asyncio: Using selector: EpollSelector
2025-04-07 06:49:08 [INFO] root: Logging configured successfully
2025-04-07 06:49:08 [INFO] __main__: Starting bot initialization
2025-04-07 06:49:08 [INFO] bot.data.db_manager: Attempting to connect to database s353073_bet_tracking_db at us.mysql.db.bot-hosting.net:3306
2025-04-07 06:49:08 [INFO] bot.data.db_manager: Database connection pool initialized successfully
2025-04-07 06:49:08 [DEBUG] bot.data.db_manager: Executing setup query 1...
2025-04-07 06:49:08 [DEBUG] bot.data.db_manager: Executing setup query 2...
2025-04-07 06:49:08 [DEBUG] bot.data.db_manager: Executing setup query 3...
2025-04-07 06:49:08 [DEBUG] bot.data.db_manager: Executing setup query 4...
2025-04-07 06:49:08 [INFO] bot.data.db_manager: Database tables checked/created successfully
2025-04-07 06:49:08 [INFO] __main__: Database connected successfully
2025-04-07 06:49:08 [DEBUG] __main__: Starting bot with Discord token (first 5 chars: MTM0M...)
2025-04-07 06:49:09 [INFO] bot.data.cache_manager: Attempting to connect to Redis at redis-14768.c246.us-east-1-4.ec2.redns.redis-cloud.com:14768
2025-04-07 06:49:09 [INFO] bot.data.cache_manager: Redis connection initialized successfully
2025-04-07 06:49:09 [INFO] api.sports_api: Sports API client session started
2025-04-07 06:49:09 [INFO] bot.services.game_service: Fetching initial game data for pending bets...
2025-04-07 06:49:09 [WARNING] data.db_manager: Database pool closed or not initialized. Attempting to reconnect.
2025-04-07 06:49:09 [INFO] data.db_manager: Attempting to connect to database s353073_bet_tracking_db at us.mysql.db.bot-hosting.net:3306
2025-04-07 06:49:10 [INFO] data.db_manager: Database connection pool initialized successfully
2025-04-07 06:49:10 [DEBUG] data.db_manager: Executing setup query 1...
2025-04-07 06:49:10 [DEBUG] data.db_manager: Executing setup query 2...
2025-04-07 06:49:10 [DEBUG] data.db_manager: Executing setup query 3...
2025-04-07 06:49:10 [DEBUG] data.db_manager: Executing setup query 4...
2025-04-07 06:49:10 [INFO] data.db_manager: Database tables checked/created successfully
2025-04-07 06:49:10 [DEBUG] data.db_manager: Fetching DB query: 
                SELECT DISTINCT event_id, league, team, opponent, game_start
                FROM bets
                WHERE event_id IS NOT NULL
                  AND bet_won IS NULL
                  AND bet_loss IS NULL
             with params: None
2025-04-07 06:49:10 [DEBUG] data.db_manager: Query fetch successful. Row count: 0
2025-04-07 06:49:10 [DEBUG] bot.services.game_service: Found 0 unique pending bet events to initialize.
2025-04-07 06:49:10 [WARNING] data.cache_manager: Redis client not initialized. Attempting connection.
2025-04-07 06:49:10 [INFO] data.cache_manager: Attempting to connect to Redis at redis-14768.c246.us-east-1-4.ec2.redns.redis-cloud.com:14768
2025-04-07 06:49:10 [INFO] data.cache_manager: Redis connection initialized successfully
2025-04-07 06:49:10 [DEBUG] data.cache_manager: Cache set: live_games (TTL: 600)
2025-04-07 06:49:10 [DEBUG] bot.services.game_service: Updated live games cache with 0 games.
2025-04-07 06:49:10 [INFO] bot.services.game_service: Initial game data fetching complete.
2025-04-07 06:49:10 [INFO] bot.services.game_service: Game service polling started.
2025-04-07 06:49:10 [INFO] bot.services.voice_service: Voice service update loop started.
2025-04-07 06:49:10 [INFO] web.server: Web application setup complete.
2025-04-07 06:49:10 [INFO] bot.core: Loading application commands...
2025-04-07 06:49:10 [INFO] bot.core: Loaded command: add_capper
2025-04-07 06:49:10 [INFO] bot.core: Loaded command: admin
2025-04-07 06:49:10 [INFO] bot.core: Loaded command: cancel_bet
2025-04-07 06:49:10 [INFO] bot.core: Loaded command: help
2025-04-07 06:49:11 [DEBUG] matplotlib: matplotlib data path: /home/container/.local/lib/python3.12/site-packages/matplotlib/mpl-data
2025-04-07 06:49:12 [DEBUG] matplotlib: CONFIGDIR=/home/container/.config/matplotlib
2025-04-07 06:49:12 [DEBUG] matplotlib: interactive is False
2025-04-07 06:49:12 [DEBUG] matplotlib: platform is linux
2025-04-07 06:49:12 [DEBUG] matplotlib: CACHEDIR=/home/container/.cache/matplotlib
2025-04-07 06:49:12 [DEBUG] matplotlib.font_manager: Using fontManager instance from /home/container/.cache/matplotlib/fontlist-v390.json
2025-04-07 06:49:13 [INFO] bot.core: Loaded command: leaderboard
2025-04-07 06:49:13 [INFO] bot.core: Loaded command: load_url
2025-04-07 06:49:13 [INFO] bot.core: Loaded command: profile
2025-04-07 06:49:13 [INFO] bot.core: Loaded command: setid
2025-04-07 06:49:13 [INFO] bot.core: Loaded command: show_cappers
2025-04-07 06:49:13 [INFO] bot.core: Loaded command: stats
2025-04-07 06:49:13 [INFO] bot.core: Loaded command: subscription
2025-04-07 06:49:13 [INFO] bot.core: Assuming 'bet' command is handled by BetService internally.
2025-04-07 06:49:13 [INFO] bot.core: Application commands loaded.
2025-04-07 06:49:13 [INFO] web.server: Web server started at http://0.0.0.0:20900/
2025-04-07 06:49:14 [INFO] bot.core: Commands synced to test guild ID: 1328126227013439601
2025-04-07 06:49:16 [INFO] bot.services.voice_service: Voice service entering update loop.
2025-04-07 06:49:16 [DEBUG] bot.services.voice_service: Voice service sleeping for 44.00 seconds until next 5-min mark.
2025-04-07 06:49:16 [INFO] bot.core: Logged in as Bet Embed Generator (ID: 1341993312915034153)
2025-04-07 06:49:16 [INFO] bot.core: Discord.py version: 2.3.2
2025-04-07 06:49:16 [INFO] bot.core: Bot is ready and online.
2025-04-07 06:49:18 [DEBUG] bot.services.game_service: Starting game polling cycle...
2025-04-07 06:49:18 [DEBUG] data.db_manager: Fetching DB query: 
                    SELECT DISTINCT league
                    FROM bets
                    WHERE bet_won IS NULL AND bet_loss IS NULL AND league IS NOT NULL
                 with params: None
2025-04-07 06:49:19 [DEBUG] data.db_manager: Query fetch successful. Row count: 0
2025-04-07 06:49:19 [INFO] bot.services.game_service: No active leagues with pending bets found. Skipping API poll.
2025-04-07 06:50:00 [INFO] bot.services.voice_service: Voice service starting synchronized update cycle.
2025-04-07 06:50:00 [DEBUG] bot.services.voice_service: Updating voice channels for guild: Cookin' Books (1328126227013439601)
2025-04-07 06:50:00 [DEBUG] bot.services.voice_service: Skipping unit reset logic for guild 1328126227013439601 due to schema incompatibility.
2025-04-07 06:50:00 [DEBUG] data.db_manager: Fetching one DB query: SELECT voice_channel_id FROM server_settings WHERE guild_id = %s with params: (1328126227013439601,)
2025-04-07 06:50:00 [DEBUG] data.db_manager: Query fetch_one successful. Result found: Yes
2025-04-07 06:50:00 [DEBUG] bot.services.voice_service: Found Total Units channel 1357135914622779402 for guild 1328126227013439601
2025-04-07 06:50:00 [DEBUG] data.db_manager: Fetching one DB query: 
            SELECT SUM(CASE WHEN bet_won = 1 THEN units ELSE 0 END) -
                   SUM(CASE WHEN bet_loss = 1 THEN units ELSE 0 END) as net_units
            FROM bets
            WHERE guild_id = %s AND (bet_won = 1 OR bet_loss = 1)
         with params: (1328126227013439601,)
2025-04-07 06:50:00 [DEBUG] data.db_manager: Query fetch_one successful. Result found: Yes
2025-04-07 06:50:00 [DEBUG] bot.services.voice_service: Calculated net units for guild 1328126227013439601: 46.0
2025-04-07 06:50:00 [DEBUG] data.db_manager: Fetching DB query: 
                    SELECT bet_serial, event_id, league, team, opponent, game_start
                    FROM bets
                    WHERE guild_id = %s
                      AND bet_won IS NULL
                      AND bet_loss IS NULL
                      AND game_start IS NOT NULL
                      AND game_start BETWEEN %s AND %s
                 with params: (1328126227013439601, datetime.datetime(2025, 4, 6, 13, 50, 0, 730235, tzinfo=datetime.timezone.utc), datetime.datetime(2025, 4, 9, 13, 50, 0, 730235, tzinfo=datetime.timezone.utc))
2025-04-07 06:50:00 [DEBUG] data.db_manager: Query fetch successful. Row count: 0
2025-04-07 06:50:00 [DEBUG] bot.services.voice_service: Found 0 relevant pending bets for guild 1328126227013439601
2025-04-07 06:50:00 [INFO] bot.services.voice_service: Voice service update cycle finished.
2025-04-07 06:50:00 [DEBUG] bot.services.voice_service: Voice service sleeping for 300.00 seconds until next 5-min mark.
2025-04-07 06:50:54 [DEBUG] bot.services.bet_handler: /bet invoked in channel ID: 1357136356022816798 by user 1179625165332676632 in guild 1328126227013439601
2025-04-07 06:50:54 [DEBUG] bot.data.db_manager: Fetching one DB query: 
                    SELECT command_channel_1, command_channel_2, embed_channel_1, embed_channel_2, authorized_role
                    FROM server_settings WHERE guild_id = %s
                 with params: (1328126227013439601,)
2025-04-07 06:50:54 [DEBUG] bot.data.db_manager: Query fetch_one successful. Result found: Yes
2025-04-07 06:50:54 [WARNING] bot.services.bet_handler: Could not convert DB value to int for guild 1328126227013439601: 'Cappers'
2025-04-07 06:50:54 [DEBUG] bot.services.bet_handler: Channel Check: Current=1357136356022816798 (type: <class 'int'>), Allowed=[1344085704984100934, 1357136356022816798] (types: [<class 'int'>, <class 'int'>])
2025-04-07 06:50:54 [DEBUG] bot.services.bet_handler: No authorized role configured for guild 1328126227013439601, allowing /bet command.
2025-04-07 06:50:54 [INFO] bot.services.bet_handler: /bet initiated by 1179625165332676632 in allowed channel 1357136356022816798 for guild 1328126227013439601.
2025-04-07 06:50:54 [DEBUG] utils.serial_utils: Generated bet serial: 202504071350056
2025-04-07 06:50:54 [DEBUG] bot.services.bet_handler: BetWorkflowView initialized (Serial: 202504071350056) Embed Channels: 1328126391073505422, 1357136356022816798
2025-04-07 06:50:54 [DEBUG] bot.services.bet_handler: Updating view state for bet serial 202504071350056. State: League=None, Type=None, Path=None, Preview=False
2025-04-07 06:50:54 [DEBUG] bot.services.bet_handler: View updated with 2 components.
2025-04-07 06:51:28 [INFO] bot.services.bet_handler: Bet setup cancelled by 1179625165332676632 for bet serial 202504071350056
2025-04-07 06:54:19 [DEBUG] bot.services.game_service: Starting game polling cycle...
2025-04-07 06:54:19 [DEBUG] data.db_manager: Fetching DB query: 
                    SELECT DISTINCT league
                    FROM bets
                    WHERE bet_won IS NULL AND bet_loss IS NULL AND league IS NOT NULL
                 with params: None
2025-04-07 06:54:19 [DEBUG] data.db_manager: Query fetch successful. Row count: 0
2025-04-07 06:54:19 [INFO] bot.services.game_service: No active leagues with pending bets found. Skipping API poll.
2025-04-07 06:55:00 [INFO] bot.services.voice_service: Voice service starting synchronized update cycle.
2025-04-07 06:55:00 [DEBUG] bot.services.voice_service: Updating voice channels for guild: Cookin' Books (1328126227013439601)
2025-04-07 06:55:00 [DEBUG] bot.services.voice_service: Skipping unit reset logic for guild 1328126227013439601 due to schema incompatibility.
2025-04-07 06:55:00 [DEBUG] data.db_manager: Fetching one DB query: SELECT voice_channel_id FROM server_settings WHERE guild_id = %s with params: (1328126227013439601,)
2025-04-07 06:55:00 [DEBUG] data.db_manager: Query fetch_one successful. Result found: Yes
2025-04-07 06:55:00 [DEBUG] bot.services.voice_service: Found Total Units channel 1357135914622779402 for guild 1328126227013439601
2025-04-07 06:55:00 [DEBUG] data.db_manager: Fetching one DB query: 
            SELECT SUM(CASE WHEN bet_won = 1 THEN units ELSE 0 END) -
                   SUM(CASE WHEN bet_loss = 1 THEN units ELSE 0 END) as net_units
            FROM bets
            WHERE guild_id = %s AND (bet_won = 1 OR bet_loss = 1)
         with params: (1328126227013439601,)
2025-04-07 06:55:00 [DEBUG] data.db_manager: Query fetch_one successful. Result found: Yes
2025-04-07 06:55:00 [DEBUG] bot.services.voice_service: Calculated net units for guild 1328126227013439601: 46.0
2025-04-07 06:55:01 [DEBUG] data.db_manager: Fetching DB query: 
                    SELECT bet_serial, event_id, league, team, opponent, game_start
                    FROM bets
                    WHERE guild_id = %s
                      AND bet_won IS NULL
                      AND bet_loss IS NULL
                      AND game_start IS NOT NULL
                      AND game_start BETWEEN %s AND %s
                 with params: (1328126227013439601, datetime.datetime(2025, 4, 6, 13, 55, 1, 837572, tzinfo=datetime.timezone.utc), datetime.datetime(2025, 4, 9, 13, 55, 1, 837572, tzinfo=datetime.timezone.utc))
2025-04-07 06:55:02 [DEBUG] data.db_manager: Query fetch successful. Row count: 0
2025-04-07 06:55:02 [DEBUG] bot.services.voice_service: Found 0 relevant pending bets for guild 1328126227013439601
2025-04-07 06:55:02 [INFO] bot.services.voice_service: Voice service update cycle finished.
2025-04-07 06:55:02 [DEBUG] bot.services.voice_service: Voice service sleeping for 298.00 seconds until next 5-min mark.
