2025-04-06 22:16:24 [INFO] root: Logging configured successfully
2025-04-06 22:16:24 [DEBUG] asyncio: Using selector: EpollSelector
2025-04-06 22:16:24 [INFO] root: Logging configured successfully
2025-04-06 22:16:24 [INFO] __main__: Starting bot initialization
2025-04-06 22:16:24 [INFO] bot.data.db_manager: Attempting to connect to database s353073_bet_tracking_db at us.mysql.db.bot-hosting.net:3306
2025-04-06 22:16:25 [INFO] bot.data.db_manager: Database connection pool initialized successfully
2025-04-06 22:16:25 [DEBUG] bot.data.db_manager: Executing setup query 1...
2025-04-06 22:16:25 [DEBUG] bot.data.db_manager: Executing setup query 2...
2025-04-06 22:16:25 [DEBUG] bot.data.db_manager: Executing setup query 3...
2025-04-06 22:16:25 [DEBUG] bot.data.db_manager: Executing setup query 4...
2025-04-06 22:16:25 [INFO] bot.data.db_manager: Database tables checked/created successfully
2025-04-06 22:16:25 [INFO] __main__: Database connected successfully
2025-04-06 22:16:25 [DEBUG] __main__: Starting bot with Discord token (first 5 chars: MTM0M...)
2025-04-06 22:16:25 [INFO] bot.data.cache_manager: Attempting to connect to Redis at redis-14768.c246.us-east-1-4.ec2.redns.redis-cloud.com:14768
2025-04-06 22:16:25 [INFO] bot.data.cache_manager: Redis connection initialized successfully
2025-04-06 22:16:25 [INFO] api.sports_api: Sports API client session started
2025-04-06 22:16:25 [INFO] bot.services.game_service: Fetching initial game data for pending bets...
2025-04-06 22:16:25 [WARNING] data.db_manager: Database pool closed or not initialized. Attempting to reconnect.
2025-04-06 22:16:25 [INFO] data.db_manager: Attempting to connect to database s353073_bet_tracking_db at us.mysql.db.bot-hosting.net:3306
2025-04-06 22:16:26 [INFO] data.db_manager: Database connection pool initialized successfully
2025-04-06 22:16:26 [DEBUG] data.db_manager: Executing setup query 1...
2025-04-06 22:16:26 [DEBUG] data.db_manager: Executing setup query 2...
2025-04-06 22:16:26 [DEBUG] data.db_manager: Executing setup query 3...
2025-04-06 22:16:26 [DEBUG] data.db_manager: Executing setup query 4...
2025-04-06 22:16:26 [INFO] data.db_manager: Database tables checked/created successfully
2025-04-06 22:16:26 [DEBUG] data.db_manager: Fetching DB query: 
                SELECT DISTINCT event_id, league, team, opponent, game_start
                FROM bets
                WHERE event_id IS NOT NULL
                  AND bet_won IS NULL
                  AND bet_loss IS NULL
             with params: None
2025-04-06 22:16:26 [DEBUG] data.db_manager: Query fetch successful. Row count: 0
2025-04-06 22:16:26 [DEBUG] bot.services.game_service: Found 0 unique pending bet events to initialize.
2025-04-06 22:16:26 [WARNING] data.cache_manager: Redis client not initialized. Attempting connection.
2025-04-06 22:16:26 [INFO] data.cache_manager: Attempting to connect to Redis at redis-14768.c246.us-east-1-4.ec2.redns.redis-cloud.com:14768
2025-04-06 22:16:26 [INFO] data.cache_manager: Redis connection initialized successfully
2025-04-06 22:16:26 [DEBUG] data.cache_manager: Cache set: live_games (TTL: 600)
2025-04-06 22:16:26 [DEBUG] bot.services.game_service: Updated live games cache with 0 games.
2025-04-06 22:16:26 [INFO] bot.services.game_service: Initial game data fetching complete.
2025-04-06 22:16:26 [INFO] bot.services.game_service: Game service polling started.
2025-04-06 22:16:26 [INFO] bot.services.voice_service: Voice service update loop started.
2025-04-06 22:16:26 [INFO] web.server: Web application setup complete.
2025-04-06 22:16:26 [INFO] bot.core: Loading application commands...
2025-04-06 22:16:26 [INFO] bot.core: Loaded command: add_capper
2025-04-06 22:16:26 [INFO] bot.core: Loaded command: admin
2025-04-06 22:16:26 [INFO] bot.core: Loaded command: cancel_bet
2025-04-06 22:16:26 [INFO] bot.core: Loaded command: help
2025-04-06 22:16:26 [DEBUG] matplotlib: matplotlib data path: /home/container/.local/lib/python3.12/site-packages/matplotlib/mpl-data
2025-04-06 22:16:26 [DEBUG] matplotlib: CONFIGDIR=/home/container/.config/matplotlib
2025-04-06 22:16:26 [DEBUG] matplotlib: interactive is False
2025-04-06 22:16:26 [DEBUG] matplotlib: platform is linux
2025-04-06 22:16:26 [DEBUG] matplotlib: CACHEDIR=/home/container/.cache/matplotlib
2025-04-06 22:16:26 [DEBUG] matplotlib.font_manager: Using fontManager instance from /home/container/.cache/matplotlib/fontlist-v390.json
2025-04-06 22:16:27 [INFO] bot.core: Loaded command: leaderboard
2025-04-06 22:16:27 [INFO] bot.core: Loaded command: load_url
2025-04-06 22:16:27 [INFO] bot.core: Loaded command: profile
2025-04-06 22:16:27 [INFO] bot.core: Loaded command: setid
2025-04-06 22:16:27 [INFO] bot.core: Loaded command: show_cappers
2025-04-06 22:16:27 [INFO] bot.core: Loaded command: stats
2025-04-06 22:16:27 [INFO] bot.core: Loaded command: subscription
2025-04-06 22:16:27 [INFO] bot.core: Assuming 'bet' command is handled by BetService internally.
2025-04-06 22:16:27 [INFO] bot.core: Application commands loaded.
2025-04-06 22:16:27 [INFO] web.server: Web server started at http://0.0.0.0:20900/
2025-04-06 22:16:27 [INFO] bot.core: Commands synced to test guild ID: 1328126227013439601
2025-04-06 22:16:29 [INFO] bot.services.voice_service: Voice service entering update loop.
2025-04-06 22:16:29 [DEBUG] bot.services.voice_service: Voice service sleeping for 211.00 seconds until next 5-min mark.
2025-04-06 22:16:29 [INFO] bot.core: Logged in as Bet Embed Generator (ID: 1341993312915034153)
2025-04-06 22:16:29 [INFO] bot.core: Discord.py version: 2.3.2
2025-04-06 22:16:29 [INFO] bot.core: Bot is ready and online.
2025-04-06 22:16:32 [DEBUG] bot.services.game_service: Starting game polling cycle...
2025-04-06 22:16:32 [DEBUG] data.db_manager: Fetching DB query: 
                    SELECT DISTINCT league
                    FROM bets
                    WHERE bet_won IS NULL AND bet_loss IS NULL AND league IS NOT NULL
                 with params: None
2025-04-06 22:16:32 [DEBUG] data.db_manager: Query fetch successful. Row count: 0
2025-04-06 22:16:32 [INFO] bot.services.game_service: No active leagues with pending bets found. Skipping API poll.
2025-04-06 22:16:43 [DEBUG] bot.data.db_manager: Fetching one DB query: 
            SELECT
                embed_channel_1, embed_channel_2, command_channel_1, command_channel_2,
                admin_channel_1, admin_role, authorized_role,
                daily_report_time, voice_channel_id, bot_name_mask, bot_image_mask
                -- Removed default_banner_color (Now in 'cappers' table)
            FROM server_settings
            WHERE guild_id = %s
         with params: (1328126227013439601,)
2025-04-06 22:16:43 [DEBUG] bot.data.db_manager: Query fetch_one successful. Result found: Yes
2025-04-06 22:16:43 [DEBUG] bot.data.db_manager: Fetching one DB query: SELECT subscription_status FROM subscribers WHERE guild_id = %s with params: (1328126227013439601,)
2025-04-06 22:16:43 [DEBUG] bot.data.db_manager: Query fetch_one successful. Result found: Yes
2025-04-06 22:16:43 [WARNING] bot.services.admin_handler: Value for 'admin_role' in server_settings for guild 1328126227013439601 is non-numeric: 'Server Admin'. Could not convert to ID, treating as None.
2025-04-06 22:16:43 [WARNING] bot.services.admin_handler: Value for 'authorized_role' in server_settings for guild 1328126227013439601 is non-numeric: 'Cappers'. Could not convert to ID, treating as None.
2025-04-06 22:16:45 [DEBUG] bot.data.db_manager: Fetching one DB query: 
            SELECT
                embed_channel_1, embed_channel_2, command_channel_1, command_channel_2,
                admin_channel_1, admin_role, authorized_role,
                daily_report_time, voice_channel_id, bot_name_mask, bot_image_mask
                -- Removed default_banner_color (Now in 'cappers' table)
            FROM server_settings
            WHERE guild_id = %s
         with params: (1328126227013439601,)
2025-04-06 22:16:45 [DEBUG] bot.data.db_manager: Query fetch_one successful. Result found: Yes
2025-04-06 22:16:45 [DEBUG] bot.data.db_manager: Fetching one DB query: SELECT subscription_status FROM subscribers WHERE guild_id = %s with params: (1328126227013439601,)
2025-04-06 22:16:45 [DEBUG] bot.data.db_manager: Query fetch_one successful. Result found: Yes
2025-04-06 22:16:45 [WARNING] bot.services.admin_handler: Value for 'admin_role' in server_settings for guild 1328126227013439601 is non-numeric: 'Server Admin'. Could not convert to ID, treating as None.
2025-04-06 22:16:45 [WARNING] bot.services.admin_handler: Value for 'authorized_role' in server_settings for guild 1328126227013439601 is non-numeric: 'Cappers'. Could not convert to ID, treating as None.
2025-04-06 22:16:45 [ERROR] discord.ui.view: Ignoring exception in view <AdminSettingsView timeout=300 children=5> for item <Button style=<ButtonStyle.primary: 1> url=None disabled=False label='Text Channels' emoji=None row=0>
Traceback (most recent call last):
  File "/home/container/.local/lib/python3.12/site-packages/discord/ui/view.py", line 427, in _scheduled_task
    await item.callback(interaction)
  File "/home/container/bot/services/admin_handler.py", line 395, in configure_channels_button
    modal = ChannelConfigModal(current_settings=latest_settings, is_paid=self.is_paid, guild=guild)
            ^^^^^^^^^^^^^^^^^^^^^^^^^^^^^^^^^^^^^^^^^^^^^^^^^^^^^^^^^^^^^^^^^^^^^^^^^^^^^^^^^^^^^^^
  File "/home/container/bot/services/admin_handler.py", line 165, in __init__
    self.embed_ch_1_select = ChannelSelect(
                             ^^^^^^^^^^^^^^
TypeError: ChannelSelect.__init__() got an unexpected keyword argument 'default_values'
