2025-04-10 23:46:15 [INFO] root: Logging configured successfully
2025-04-10 23:46:15 [DEBUG] asyncio: Using selector: EpollSelector
2025-04-10 23:46:15 [INFO] __main__: Initializing database connection...
2025-04-10 23:46:15 [INFO] bot.data.db_manager: Attempting to connect to database customer_990306_bet_tracker_bot at na01-sql.pebblehost.com:3306
2025-04-10 23:46:15 [INFO] bot.data.db_manager: Database connection pool initialized successfully
2025-04-10 23:46:15 [DEBUG] bot.data.db_manager: Executing setup query 1...
2025-04-10 23:46:15 [DEBUG] bot.data.db_manager: Executing setup query 2...
2025-04-10 23:46:15 [DEBUG] bot.data.db_manager: Executing setup query 3...
2025-04-10 23:46:15 [DEBUG] bot.data.db_manager: Executing setup query 4...
2025-04-10 23:46:15 [INFO] bot.data.db_manager: Database tables checked/created successfully
2025-04-10 23:46:15 [INFO] __main__: Initializing cache connection...
2025-04-10 23:46:15 [INFO] bot.data.cache_manager: Attempting to connect to Redis at redis-14768.c246.us-east-1-4.ec2.redns.redis-cloud.com:14768
2025-04-10 23:46:15 [INFO] bot.data.cache_manager: Redis connection initialized successfully
2025-04-10 23:46:15 [INFO] __main__: Starting database logo synchronization...
2025-04-10 23:46:15 [INFO] bot.utils.image_utils.helpers: Starting logo synchronization from database...
2025-04-10 23:46:15 [DEBUG] bot.data.db_manager: Fetching DB query: SELECT league, conference, team, logo_image FROM league_teams_logos with params: None
2025-04-10 23:46:15 [DEBUG] bot.data.db_manager: Query fetch successful. Row count: 0
2025-04-10 23:46:15 [INFO] bot.utils.image_utils.helpers: Fetched 0 logo records from database.
2025-04-10 23:46:15 [WARNING] bot.utils.image_utils.helpers: No logo records found in database.
2025-04-10 23:46:15 [INFO] bot.data.db_manager: Database connection pool closed
2025-04-10 23:46:15 [DEBUG] bot.utils.image_utils.helpers: Database connection closed after logo synchronization.
2025-04-10 23:46:15 [INFO] __main__: Database logo synchronization finished.
2025-04-10 23:46:15 [INFO] __main__: Initializing BettingBot...
2025-04-10 23:46:15 [INFO] __main__: Starting bot...
2025-04-10 23:46:16 [INFO] bot.data.db_manager: Attempting to connect to database customer_990306_bet_tracker_bot at na01-sql.pebblehost.com:3306
2025-04-10 23:46:16 [INFO] bot.data.db_manager: Database connection pool initialized successfully
2025-04-10 23:46:16 [DEBUG] bot.data.db_manager: Executing setup query 1...
2025-04-10 23:46:16 [DEBUG] bot.data.db_manager: Executing setup query 2...
2025-04-10 23:46:16 [DEBUG] bot.data.db_manager: Executing setup query 3...
2025-04-10 23:46:16 [DEBUG] bot.data.db_manager: Executing setup query 4...
2025-04-10 23:46:16 [INFO] bot.data.db_manager: Database tables checked/created successfully
2025-04-10 23:46:16 [DEBUG] bot.data.cache_manager: Redis connection already active.
2025-04-10 23:46:16 [INFO] api.sports_api: Sports API client session started
2025-04-10 23:46:16 [INFO] bot.services.game_service: Fetching initial game data for pending bets...
2025-04-10 23:46:16 [WARNING] data.db_manager: Database pool closed or not initialized. Attempting to reconnect.
2025-04-10 23:46:16 [INFO] data.db_manager: Attempting to connect to database customer_990306_bet_tracker_bot at na01-sql.pebblehost.com:3306
2025-04-10 23:46:16 [INFO] data.db_manager: Database connection pool initialized successfully
2025-04-10 23:46:16 [DEBUG] data.db_manager: Executing setup query 1...
2025-04-10 23:46:16 [DEBUG] data.db_manager: Executing setup query 2...
2025-04-10 23:46:16 [DEBUG] data.db_manager: Executing setup query 3...
2025-04-10 23:46:16 [DEBUG] data.db_manager: Executing setup query 4...
2025-04-10 23:46:16 [INFO] data.db_manager: Database tables checked/created successfully
2025-04-10 23:46:16 [DEBUG] data.db_manager: Fetching DB query: 
                SELECT DISTINCT event_id, league, team, opponent, game_start
                FROM bets
                WHERE event_id IS NOT NULL
                  AND bet_won IS NULL
                  AND bet_loss IS NULL
             with params: None
2025-04-10 23:46:16 [DEBUG] data.db_manager: Query fetch successful. Row count: 0
2025-04-10 23:46:16 [DEBUG] bot.services.game_service: Found 0 unique pending bet events to initialize.
2025-04-10 23:46:16 [WARNING] data.cache_manager: Redis client not initialized. Attempting connection.
2025-04-10 23:46:16 [INFO] data.cache_manager: Attempting to connect to Redis at redis-14768.c246.us-east-1-4.ec2.redns.redis-cloud.com:14768
2025-04-10 23:46:16 [INFO] data.cache_manager: Redis connection initialized successfully
2025-04-10 23:46:16 [DEBUG] data.cache_manager: Cache set: live_games (TTL: 600)
2025-04-10 23:46:16 [DEBUG] bot.services.game_service: Updated live games cache with 0 games.
2025-04-10 23:46:16 [INFO] bot.services.game_service: Initial game data fetching complete.
2025-04-10 23:46:16 [INFO] bot.services.game_service: Game service polling started.
2025-04-10 23:46:16 [INFO] bot.services.voice_service: Voice service update loop started.
2025-04-10 23:46:16 [INFO] web.server: Web application setup complete.
2025-04-10 23:46:16 [INFO] bot.core: Loading application commands...
2025-04-10 23:46:16 [INFO] bot.core: Loaded command: add_capper
2025-04-10 23:46:16 [INFO] bot.core: Loaded command: admin
2025-04-10 23:46:16 [INFO] bot.core: Loaded command: cancel_bet
2025-04-10 23:46:16 [INFO] bot.core: Loaded command: help
2025-04-10 23:46:17 [DEBUG] matplotlib: matplotlib data path: /home/container/.local/lib/python3.12/site-packages/matplotlib/mpl-data
2025-04-10 23:46:17 [DEBUG] matplotlib: CONFIGDIR=/home/container/.config/matplotlib
2025-04-10 23:46:17 [DEBUG] matplotlib: interactive is False
2025-04-10 23:46:17 [DEBUG] matplotlib: platform is linux
2025-04-10 23:46:17 [DEBUG] matplotlib: CACHEDIR=/home/container/.cache/matplotlib
2025-04-10 23:46:17 [DEBUG] matplotlib.font_manager: Using fontManager instance from /home/container/.cache/matplotlib/fontlist-v390.json
2025-04-10 23:46:17 [INFO] bot.core: Loaded command: leaderboard
2025-04-10 23:46:17 [INFO] bot.core: Loaded command: load_url
2025-04-10 23:46:17 [INFO] bot.core: Loaded command: profile
2025-04-10 23:46:17 [INFO] bot.core: Loaded command: setid
2025-04-10 23:46:17 [INFO] bot.core: Loaded command: show_cappers
2025-04-10 23:46:17 [INFO] bot.core: Loaded command: stats
2025-04-10 23:46:17 [INFO] bot.core: Loaded command: subscription
2025-04-10 23:46:17 [INFO] bot.core: Assuming 'bet' command is handled by BetService internally.
2025-04-10 23:46:17 [INFO] bot.core: Application commands loaded.
2025-04-10 23:46:17 [INFO] web.server: Web server started at http://0.0.0.0:20900/
2025-04-10 23:46:17 [INFO] bot.core: Commands synced to test guild ID: 1328126227013439601
2025-04-10 23:46:19 [INFO] bot.services.voice_service: Voice service entering update loop.
2025-04-10 23:46:19 [DEBUG] bot.services.voice_service: Voice service sleeping for 221.00 seconds until next 5-min mark.
2025-04-10 23:46:19 [INFO] bot.core: Logged in as Bet Embed Generator (ID: 1341993312915034153)
2025-04-10 23:46:19 [INFO] bot.core: Discord.py version: 2.3.2
2025-04-10 23:46:19 [INFO] bot.core: Bot is ready and online.
2025-04-10 23:46:22 [DEBUG] bot.services.game_service: Starting game polling cycle...
2025-04-10 23:46:22 [DEBUG] data.db_manager: Fetching DB query: 
                    SELECT DISTINCT league
                    FROM bets
                    WHERE bet_won IS NULL AND bet_loss IS NULL AND league IS NOT NULL
                 with params: None
2025-04-10 23:46:22 [DEBUG] data.db_manager: Query fetch successful. Row count: 0
2025-04-10 23:46:22 [INFO] bot.services.game_service: No active leagues with pending bets found. Skipping API poll.
2025-04-10 23:47:46 [DEBUG] bot.services.bet_service: /bet invoked: User=761388542965448767, Channel=1357136356022816798, Guild=1328126227013439601
2025-04-10 23:47:46 [DEBUG] bot.data.db_manager: Fetching one DB query: SELECT command_channel_1, command_channel_2, embed_channel_1, embed_channel_2, authorized_role FROM server_settings WHERE guild_id = %s with params: (1328126227013439601,)
2025-04-10 23:47:46 [ERROR] bot.data.db_manager: Database query fetch_one failed: SELECT command_channel_1, command_channel_2, embed_channel_1, embed_channel_2, authorized_role FROM server_settings WHERE guild_id = %s | Params: (1328126227013439601,) | Error: (1054, "Unknown column 'command_channel_1' in 'field list'")
Traceback (most recent call last):
  File "/home/container/bot/data/db_manager.py", line 201, in fetch_one
    await cur.execute(query, params)
  File "/home/container/.local/lib/python3.12/site-packages/aiomysql/cursors.py", line 239, in execute
    await self._query(query)
  File "/home/container/.local/lib/python3.12/site-packages/aiomysql/cursors.py", line 457, in _query
    await conn.query(q)
  File "/home/container/.local/lib/python3.12/site-packages/aiomysql/connection.py", line 469, in query
    await self._read_query_result(unbuffered=unbuffered)
  File "/home/container/.local/lib/python3.12/site-packages/aiomysql/connection.py", line 683, in _read_query_result
    await result.read()
  File "/home/container/.local/lib/python3.12/site-packages/aiomysql/connection.py", line 1164, in read
    first_packet = await self.connection._read_packet()
                   ^^^^^^^^^^^^^^^^^^^^^^^^^^^^^^^^^^^^
  File "/home/container/.local/lib/python3.12/site-packages/aiomysql/connection.py", line 652, in _read_packet
    packet.raise_for_error()
  File "/home/container/.local/lib/python3.12/site-packages/pymysql/protocol.py", line 219, in raise_for_error
    err.raise_mysql_exception(self._data)
  File "/home/container/.local/lib/python3.12/site-packages/pymysql/err.py", line 150, in raise_mysql_exception
    raise errorclass(errno, errval)
pymysql.err.OperationalError: (1054, "Unknown column 'command_channel_1' in 'field list'")
2025-04-10 23:47:46 [ERROR] utils.errors: DatabaseQueryError: Query fetch_one failed: (1054, "Unknown column 'command_channel_1' in 'field list'") | Query: SELECT command_channel_1, command_channel_2, embed_channel_1, embed_channel_2, authorized_role FROM server_settings WHERE guild_id = %s
2025-04-10 23:47:46 [ERROR] bot.services.bet_service: Database error fetching settings for Guild ID 1328126227013439601: Query fetch_one failed: (1054, "Unknown column 'command_channel_1' in 'field list'") | Query: SELECT command_channel_1, command_channel_2, embed_channel_1, embed_channel_2, authorized_role FROM server_settings WHERE guild_id = %s
Traceback (most recent call last):
  File "/home/container/bot/data/db_manager.py", line 201, in fetch_one
    await cur.execute(query, params)
  File "/home/container/.local/lib/python3.12/site-packages/aiomysql/cursors.py", line 239, in execute
    await self._query(query)
  File "/home/container/.local/lib/python3.12/site-packages/aiomysql/cursors.py", line 457, in _query
    await conn.query(q)
  File "/home/container/.local/lib/python3.12/site-packages/aiomysql/connection.py", line 469, in query
    await self._read_query_result(unbuffered=unbuffered)
  File "/home/container/.local/lib/python3.12/site-packages/aiomysql/connection.py", line 683, in _read_query_result
    await result.read()
  File "/home/container/.local/lib/python3.12/site-packages/aiomysql/connection.py", line 1164, in read
    first_packet = await self.connection._read_packet()
                   ^^^^^^^^^^^^^^^^^^^^^^^^^^^^^^^^^^^^
  File "/home/container/.local/lib/python3.12/site-packages/aiomysql/connection.py", line 652, in _read_packet
    packet.raise_for_error()
  File "/home/container/.local/lib/python3.12/site-packages/pymysql/protocol.py", line 219, in raise_for_error
    err.raise_mysql_exception(self._data)
  File "/home/container/.local/lib/python3.12/site-packages/pymysql/err.py", line 150, in raise_mysql_exception
    raise errorclass(errno, errval)
pymysql.err.OperationalError: (1054, "Unknown column 'command_channel_1' in 'field list'")

During handling of the above exception, another exception occurred:

Traceback (most recent call last):
  File "/home/container/bot/services/bet_service.py", line 1148, in bet_command
    settings = await db_manager.fetch_one(
               ^^^^^^^^^^^^^^^^^^^^^^^^^^^
  File "/home/container/bot/data/db_manager.py", line 208, in fetch_one
    raise DatabaseQueryError(message=f"Query fetch_one failed: {e}", query=query, original_exception=e)
utils.errors.DatabaseQueryError: Query fetch_one failed: (1054, "Unknown column 'command_channel_1' in 'field list'") | Query: SELECT command_channel_1, command_channel_2, embed_channel_1, embed_channel_2, authorized_role FROM server_settings WHERE guild_id = %s
2025-04-10 23:47:56 [DEBUG] bot.services.bet_service: /bet invoked: User=761388542965448767, Channel=1357136356022816798, Guild=1328126227013439601
2025-04-10 23:47:56 [DEBUG] bot.data.db_manager: Fetching one DB query: SELECT command_channel_1, command_channel_2, embed_channel_1, embed_channel_2, authorized_role FROM server_settings WHERE guild_id = %s with params: (1328126227013439601,)
2025-04-10 23:47:56 [ERROR] bot.data.db_manager: Database query fetch_one failed: SELECT command_channel_1, command_channel_2, embed_channel_1, embed_channel_2, authorized_role FROM server_settings WHERE guild_id = %s | Params: (1328126227013439601,) | Error: (1054, "Unknown column 'command_channel_1' in 'field list'")
Traceback (most recent call last):
  File "/home/container/bot/data/db_manager.py", line 201, in fetch_one
    await cur.execute(query, params)
  File "/home/container/.local/lib/python3.12/site-packages/aiomysql/cursors.py", line 239, in execute
    await self._query(query)
  File "/home/container/.local/lib/python3.12/site-packages/aiomysql/cursors.py", line 457, in _query
    await conn.query(q)
  File "/home/container/.local/lib/python3.12/site-packages/aiomysql/connection.py", line 469, in query
    await self._read_query_result(unbuffered=unbuffered)
  File "/home/container/.local/lib/python3.12/site-packages/aiomysql/connection.py", line 683, in _read_query_result
    await result.read()
  File "/home/container/.local/lib/python3.12/site-packages/aiomysql/connection.py", line 1164, in read
    first_packet = await self.connection._read_packet()
                   ^^^^^^^^^^^^^^^^^^^^^^^^^^^^^^^^^^^^
  File "/home/container/.local/lib/python3.12/site-packages/aiomysql/connection.py", line 652, in _read_packet
    packet.raise_for_error()
  File "/home/container/.local/lib/python3.12/site-packages/pymysql/protocol.py", line 219, in raise_for_error
    err.raise_mysql_exception(self._data)
  File "/home/container/.local/lib/python3.12/site-packages/pymysql/err.py", line 150, in raise_mysql_exception
    raise errorclass(errno, errval)
pymysql.err.OperationalError: (1054, "Unknown column 'command_channel_1' in 'field list'")
2025-04-10 23:47:56 [ERROR] utils.errors: DatabaseQueryError: Query fetch_one failed: (1054, "Unknown column 'command_channel_1' in 'field list'") | Query: SELECT command_channel_1, command_channel_2, embed_channel_1, embed_channel_2, authorized_role FROM server_settings WHERE guild_id = %s
2025-04-10 23:47:56 [ERROR] bot.services.bet_service: Database error fetching settings for Guild ID 1328126227013439601: Query fetch_one failed: (1054, "Unknown column 'command_channel_1' in 'field list'") | Query: SELECT command_channel_1, command_channel_2, embed_channel_1, embed_channel_2, authorized_role FROM server_settings WHERE guild_id = %s
Traceback (most recent call last):
  File "/home/container/bot/data/db_manager.py", line 201, in fetch_one
    await cur.execute(query, params)
  File "/home/container/.local/lib/python3.12/site-packages/aiomysql/cursors.py", line 239, in execute
    await self._query(query)
  File "/home/container/.local/lib/python3.12/site-packages/aiomysql/cursors.py", line 457, in _query
    await conn.query(q)
  File "/home/container/.local/lib/python3.12/site-packages/aiomysql/connection.py", line 469, in query
    await self._read_query_result(unbuffered=unbuffered)
  File "/home/container/.local/lib/python3.12/site-packages/aiomysql/connection.py", line 683, in _read_query_result
    await result.read()
  File "/home/container/.local/lib/python3.12/site-packages/aiomysql/connection.py", line 1164, in read
    first_packet = await self.connection._read_packet()
                   ^^^^^^^^^^^^^^^^^^^^^^^^^^^^^^^^^^^^
  File "/home/container/.local/lib/python3.12/site-packages/aiomysql/connection.py", line 652, in _read_packet
    packet.raise_for_error()
  File "/home/container/.local/lib/python3.12/site-packages/pymysql/protocol.py", line 219, in raise_for_error
    err.raise_mysql_exception(self._data)
  File "/home/container/.local/lib/python3.12/site-packages/pymysql/err.py", line 150, in raise_mysql_exception
    raise errorclass(errno, errval)
pymysql.err.OperationalError: (1054, "Unknown column 'command_channel_1' in 'field list'")

During handling of the above exception, another exception occurred:

Traceback (most recent call last):
  File "/home/container/bot/services/bet_service.py", line 1148, in bet_command
    settings = await db_manager.fetch_one(
               ^^^^^^^^^^^^^^^^^^^^^^^^^^^
  File "/home/container/bot/data/db_manager.py", line 208, in fetch_one
    raise DatabaseQueryError(message=f"Query fetch_one failed: {e}", query=query, original_exception=e)
utils.errors.DatabaseQueryError: Query fetch_one failed: (1054, "Unknown column 'command_channel_1' in 'field list'") | Query: SELECT command_channel_1, command_channel_2, embed_channel_1, embed_channel_2, authorized_role FROM server_settings WHERE guild_id = %s
2025-04-10 23:50:00 [INFO] bot.services.voice_service: Voice service starting synchronized update cycle.
2025-04-10 23:50:00 [DEBUG] bot.services.voice_service: Updating voice channels for guild: Cookin' Books (1328126227013439601)
2025-04-10 23:50:00 [DEBUG] bot.services.voice_service: Skipping unit reset logic for guild 1328126227013439601 due to schema incompatibility.
2025-04-10 23:50:00 [DEBUG] data.db_manager: Fetching one DB query: SELECT voice_channel_id FROM server_settings WHERE guild_id = %s with params: (1328126227013439601,)
2025-04-10 23:50:00 [DEBUG] data.db_manager: Query fetch_one successful. Result found: No
2025-04-10 23:50:00 [DEBUG] bot.services.voice_service: No Total Units channel set for guild 1328126227013439601
2025-04-10 23:50:00 [DEBUG] data.db_manager: Fetching DB query: 
                    SELECT bet_serial, event_id, league, team, opponent, game_start
                    FROM bets
                    WHERE guild_id = %s
                      AND bet_won IS NULL
                      AND bet_loss IS NULL
                      AND game_start IS NOT NULL
                      AND game_start BETWEEN %s AND %s
                 with params: (1328126227013439601, datetime.datetime(2025, 4, 9, 23, 50, 0, 781560, tzinfo=datetime.timezone.utc), datetime.datetime(2025, 4, 12, 23, 50, 0, 781560, tzinfo=datetime.timezone.utc))
2025-04-10 23:50:00 [DEBUG] data.db_manager: Query fetch successful. Row count: 0
2025-04-10 23:50:00 [DEBUG] bot.services.voice_service: Found 0 relevant pending bets for guild 1328126227013439601
2025-04-10 23:50:00 [INFO] bot.services.voice_service: Voice service update cycle finished.
2025-04-10 23:50:00 [DEBUG] bot.services.voice_service: Voice service sleeping for 300.00 seconds until next 5-min mark.
2025-04-10 23:51:22 [DEBUG] bot.services.game_service: Starting game polling cycle...
2025-04-10 23:51:22 [DEBUG] data.db_manager: Fetching DB query: 
                    SELECT DISTINCT league
                    FROM bets
                    WHERE bet_won IS NULL AND bet_loss IS NULL AND league IS NOT NULL
                 with params: None
2025-04-10 23:51:22 [DEBUG] data.db_manager: Query fetch successful. Row count: 0
2025-04-10 23:51:22 [INFO] bot.services.game_service: No active leagues with pending bets found. Skipping API poll.
2025-04-10 23:55:00 [INFO] bot.services.voice_service: Voice service starting synchronized update cycle.
2025-04-10 23:55:00 [DEBUG] bot.services.voice_service: Updating voice channels for guild: Cookin' Books (1328126227013439601)
2025-04-10 23:55:00 [DEBUG] bot.services.voice_service: Skipping unit reset logic for guild 1328126227013439601 due to schema incompatibility.
2025-04-10 23:55:00 [DEBUG] data.db_manager: Fetching one DB query: SELECT voice_channel_id FROM server_settings WHERE guild_id = %s with params: (1328126227013439601,)
2025-04-10 23:55:00 [DEBUG] data.db_manager: Query fetch_one successful. Result found: No
2025-04-10 23:55:00 [DEBUG] bot.services.voice_service: No Total Units channel set for guild 1328126227013439601
2025-04-10 23:55:00 [DEBUG] data.db_manager: Fetching DB query: 
                    SELECT bet_serial, event_id, league, team, opponent, game_start
                    FROM bets
                    WHERE guild_id = %s
                      AND bet_won IS NULL
                      AND bet_loss IS NULL
                      AND game_start IS NOT NULL
                      AND game_start BETWEEN %s AND %s
                 with params: (1328126227013439601, datetime.datetime(2025, 4, 9, 23, 55, 0, 812537, tzinfo=datetime.timezone.utc), datetime.datetime(2025, 4, 12, 23, 55, 0, 812537, tzinfo=datetime.timezone.utc))
2025-04-10 23:55:00 [DEBUG] data.db_manager: Query fetch successful. Row count: 0
2025-04-10 23:55:00 [DEBUG] bot.services.voice_service: Found 0 relevant pending bets for guild 1328126227013439601
2025-04-10 23:55:00 [INFO] bot.services.voice_service: Voice service update cycle finished.
2025-04-10 23:55:00 [DEBUG] bot.services.voice_service: Voice service sleeping for 300.00 seconds until next 5-min mark.
2025-04-10 23:56:22 [DEBUG] bot.services.game_service: Starting game polling cycle...
2025-04-10 23:56:22 [DEBUG] data.db_manager: Fetching DB query: 
                    SELECT DISTINCT league
                    FROM bets
                    WHERE bet_won IS NULL AND bet_loss IS NULL AND league IS NOT NULL
                 with params: None
2025-04-10 23:56:22 [DEBUG] data.db_manager: Query fetch successful. Row count: 0
2025-04-10 23:56:22 [INFO] bot.services.game_service: No active leagues with pending bets found. Skipping API poll.
2025-04-11 00:00:00 [INFO] bot.services.voice_service: Voice service starting synchronized update cycle.
2025-04-11 00:00:00 [DEBUG] bot.services.voice_service: Updating voice channels for guild: Cookin' Books (1328126227013439601)
2025-04-11 00:00:00 [DEBUG] bot.services.voice_service: Skipping unit reset logic for guild 1328126227013439601 due to schema incompatibility.
2025-04-11 00:00:00 [DEBUG] data.db_manager: Fetching one DB query: SELECT voice_channel_id FROM server_settings WHERE guild_id = %s with params: (1328126227013439601,)
2025-04-11 00:00:00 [DEBUG] data.db_manager: Query fetch_one successful. Result found: No
2025-04-11 00:00:00 [DEBUG] bot.services.voice_service: No Total Units channel set for guild 1328126227013439601
2025-04-11 00:00:00 [DEBUG] data.db_manager: Fetching DB query: 
                    SELECT bet_serial, event_id, league, team, opponent, game_start
                    FROM bets
                    WHERE guild_id = %s
                      AND bet_won IS NULL
                      AND bet_loss IS NULL
                      AND game_start IS NOT NULL
                      AND game_start BETWEEN %s AND %s
                 with params: (1328126227013439601, datetime.datetime(2025, 4, 10, 0, 0, 0, 823344, tzinfo=datetime.timezone.utc), datetime.datetime(2025, 4, 13, 0, 0, 0, 823344, tzinfo=datetime.timezone.utc))
2025-04-11 00:00:00 [DEBUG] data.db_manager: Query fetch successful. Row count: 0
2025-04-11 00:00:00 [DEBUG] bot.services.voice_service: Found 0 relevant pending bets for guild 1328126227013439601
2025-04-11 00:00:00 [INFO] bot.services.voice_service: Voice service update cycle finished.
2025-04-11 00:00:00 [DEBUG] bot.services.voice_service: Voice service sleeping for 300.00 seconds until next 5-min mark.
2025-04-11 00:01:22 [DEBUG] bot.services.game_service: Starting game polling cycle...
2025-04-11 00:01:22 [DEBUG] data.db_manager: Fetching DB query: 
                    SELECT DISTINCT league
                    FROM bets
                    WHERE bet_won IS NULL AND bet_loss IS NULL AND league IS NOT NULL
                 with params: None
2025-04-11 00:01:22 [DEBUG] data.db_manager: Query fetch successful. Row count: 0
2025-04-11 00:01:22 [INFO] bot.services.game_service: No active leagues with pending bets found. Skipping API poll.
2025-04-11 00:05:00 [INFO] bot.services.voice_service: Voice service starting synchronized update cycle.
2025-04-11 00:05:00 [DEBUG] bot.services.voice_service: Updating voice channels for guild: Cookin' Books (1328126227013439601)
2025-04-11 00:05:00 [DEBUG] bot.services.voice_service: Skipping unit reset logic for guild 1328126227013439601 due to schema incompatibility.
2025-04-11 00:05:00 [DEBUG] data.db_manager: Fetching one DB query: SELECT voice_channel_id FROM server_settings WHERE guild_id = %s with params: (1328126227013439601,)
2025-04-11 00:05:00 [DEBUG] data.db_manager: Query fetch_one successful. Result found: No
2025-04-11 00:05:00 [DEBUG] bot.services.voice_service: No Total Units channel set for guild 1328126227013439601
2025-04-11 00:05:00 [DEBUG] data.db_manager: Fetching DB query: 
                    SELECT bet_serial, event_id, league, team, opponent, game_start
                    FROM bets
                    WHERE guild_id = %s
                      AND bet_won IS NULL
                      AND bet_loss IS NULL
                      AND game_start IS NOT NULL
                      AND game_start BETWEEN %s AND %s
                 with params: (1328126227013439601, datetime.datetime(2025, 4, 10, 0, 5, 0, 835239, tzinfo=datetime.timezone.utc), datetime.datetime(2025, 4, 13, 0, 5, 0, 835239, tzinfo=datetime.timezone.utc))
2025-04-11 00:05:00 [DEBUG] data.db_manager: Query fetch successful. Row count: 0
2025-04-11 00:05:00 [DEBUG] bot.services.voice_service: Found 0 relevant pending bets for guild 1328126227013439601
2025-04-11 00:05:00 [INFO] bot.services.voice_service: Voice service update cycle finished.
2025-04-11 00:05:00 [DEBUG] bot.services.voice_service: Voice service sleeping for 300.00 seconds until next 5-min mark.
2025-04-11 00:06:22 [DEBUG] bot.services.game_service: Starting game polling cycle...
2025-04-11 00:06:22 [DEBUG] data.db_manager: Fetching DB query: 
                    SELECT DISTINCT league
                    FROM bets
                    WHERE bet_won IS NULL AND bet_loss IS NULL AND league IS NOT NULL
                 with params: None
2025-04-11 00:06:22 [DEBUG] data.db_manager: Query fetch successful. Row count: 0
2025-04-11 00:06:22 [INFO] bot.services.game_service: No active leagues with pending bets found. Skipping API poll.
2025-04-11 00:10:00 [INFO] bot.services.voice_service: Voice service starting synchronized update cycle.
2025-04-11 00:10:00 [DEBUG] bot.services.voice_service: Updating voice channels for guild: Cookin' Books (1328126227013439601)
2025-04-11 00:10:00 [DEBUG] bot.services.voice_service: Skipping unit reset logic for guild 1328126227013439601 due to schema incompatibility.
2025-04-11 00:10:00 [DEBUG] data.db_manager: Fetching one DB query: SELECT voice_channel_id FROM server_settings WHERE guild_id = %s with params: (1328126227013439601,)
2025-04-11 00:10:00 [DEBUG] data.db_manager: Query fetch_one successful. Result found: No
2025-04-11 00:10:00 [DEBUG] bot.services.voice_service: No Total Units channel set for guild 1328126227013439601
2025-04-11 00:10:00 [DEBUG] data.db_manager: Fetching DB query: 
                    SELECT bet_serial, event_id, league, team, opponent, game_start
                    FROM bets
                    WHERE guild_id = %s
                      AND bet_won IS NULL
                      AND bet_loss IS NULL
                      AND game_start IS NOT NULL
                      AND game_start BETWEEN %s AND %s
                 with params: (1328126227013439601, datetime.datetime(2025, 4, 10, 0, 10, 0, 861931, tzinfo=datetime.timezone.utc), datetime.datetime(2025, 4, 13, 0, 10, 0, 861931, tzinfo=datetime.timezone.utc))
2025-04-11 00:10:00 [DEBUG] data.db_manager: Query fetch successful. Row count: 0
2025-04-11 00:10:00 [DEBUG] bot.services.voice_service: Found 0 relevant pending bets for guild 1328126227013439601
2025-04-11 00:10:00 [INFO] bot.services.voice_service: Voice service update cycle finished.
2025-04-11 00:10:00 [DEBUG] bot.services.voice_service: Voice service sleeping for 300.00 seconds until next 5-min mark.
2025-04-11 00:11:22 [DEBUG] bot.services.game_service: Starting game polling cycle...
2025-04-11 00:11:22 [DEBUG] data.db_manager: Fetching DB query: 
                    SELECT DISTINCT league
                    FROM bets
                    WHERE bet_won IS NULL AND bet_loss IS NULL AND league IS NOT NULL
                 with params: None
2025-04-11 00:11:22 [DEBUG] data.db_manager: Query fetch successful. Row count: 0
2025-04-11 00:11:22 [INFO] bot.services.game_service: No active leagues with pending bets found. Skipping API poll.
