2025-04-06 21:04:16 [INFO] root: Logging configured successfully
2025-04-06 21:04:16 [DEBUG] asyncio: Using selector: EpollSelector
2025-04-06 21:04:16 [INFO] root: Logging configured successfully
2025-04-06 21:04:16 [INFO] __main__: Starting bot initialization
2025-04-06 21:04:16 [INFO] bot.data.db_manager: Attempting to connect to database s353073_bet_tracking_db at us.mysql.db.bot-hosting.net:3306
2025-04-06 21:04:16 [INFO] bot.data.db_manager: Database connection pool initialized successfully
2025-04-06 21:04:16 [DEBUG] bot.data.db_manager: Executing setup query 1...
2025-04-06 21:04:16 [DEBUG] bot.data.db_manager: Executing setup query 2...
2025-04-06 21:04:16 [DEBUG] bot.data.db_manager: Executing setup query 3...
2025-04-06 21:04:16 [DEBUG] bot.data.db_manager: Executing setup query 4...
2025-04-06 21:04:16 [INFO] bot.data.db_manager: Database tables checked/created successfully
2025-04-06 21:04:16 [INFO] __main__: Database connected successfully
2025-04-06 21:04:16 [DEBUG] __main__: Starting bot with Discord token (first 5 chars: MTM0M...)
2025-04-06 21:04:17 [INFO] bot.data.cache_manager: Attempting to connect to Redis at redis-14768.c246.us-east-1-4.ec2.redns.redis-cloud.com:14768
2025-04-06 21:04:17 [INFO] bot.data.cache_manager: Redis connection initialized successfully
2025-04-06 21:04:17 [INFO] api.sports_api: Sports API client session started
2025-04-06 21:04:17 [INFO] bot.services.game_service: Fetching initial game data for pending bets...
2025-04-06 21:04:17 [WARNING] data.db_manager: Database pool closed or not initialized. Attempting to reconnect.
2025-04-06 21:04:17 [INFO] data.db_manager: Attempting to connect to database s353073_bet_tracking_db at us.mysql.db.bot-hosting.net:3306
2025-04-06 21:04:17 [INFO] data.db_manager: Database connection pool initialized successfully
2025-04-06 21:04:17 [DEBUG] data.db_manager: Executing setup query 1...
2025-04-06 21:04:17 [DEBUG] data.db_manager: Executing setup query 2...
2025-04-06 21:04:17 [DEBUG] data.db_manager: Executing setup query 3...
2025-04-06 21:04:17 [DEBUG] data.db_manager: Executing setup query 4...
2025-04-06 21:04:17 [INFO] data.db_manager: Database tables checked/created successfully
2025-04-06 21:04:17 [DEBUG] data.db_manager: Fetching DB query: 
                SELECT DISTINCT event_id, league, team, opponent, game_start
                FROM bets
                WHERE event_id IS NOT NULL
                  AND bet_won IS NULL
                  AND bet_loss IS NULL
             with params: None
2025-04-06 21:04:17 [DEBUG] data.db_manager: Query fetch successful. Row count: 0
2025-04-06 21:04:17 [DEBUG] bot.services.game_service: Found 0 unique pending bet events to initialize.
2025-04-06 21:04:17 [WARNING] data.cache_manager: Redis client not initialized. Attempting connection.
2025-04-06 21:04:17 [INFO] data.cache_manager: Attempting to connect to Redis at redis-14768.c246.us-east-1-4.ec2.redns.redis-cloud.com:14768
2025-04-06 21:04:17 [INFO] data.cache_manager: Redis connection initialized successfully
2025-04-06 21:04:17 [DEBUG] data.cache_manager: Cache set: live_games (TTL: 600)
2025-04-06 21:04:17 [DEBUG] bot.services.game_service: Updated live games cache with 0 games.
2025-04-06 21:04:17 [INFO] bot.services.game_service: Initial game data fetching complete.
2025-04-06 21:04:17 [INFO] bot.services.game_service: Game service polling started.
2025-04-06 21:04:17 [INFO] bot.services.voice_service: Voice service update loop started.
2025-04-06 21:04:17 [INFO] web.server: Web application setup complete.
2025-04-06 21:04:17 [INFO] bot.core: Loading application commands...
2025-04-06 21:04:17 [INFO] bot.core: Loaded command: add_capper
2025-04-06 21:04:17 [INFO] bot.core: Loaded command: admin
2025-04-06 21:04:17 [INFO] bot.core: Loaded command: cancel_bet
2025-04-06 21:04:17 [INFO] bot.core: Loaded command: help
2025-04-06 21:04:18 [DEBUG] matplotlib: matplotlib data path: /home/container/.local/lib/python3.12/site-packages/matplotlib/mpl-data
2025-04-06 21:04:18 [DEBUG] matplotlib: CONFIGDIR=/home/container/.config/matplotlib
2025-04-06 21:04:18 [DEBUG] matplotlib: interactive is False
2025-04-06 21:04:18 [DEBUG] matplotlib: platform is linux
2025-04-06 21:04:18 [DEBUG] matplotlib: CACHEDIR=/home/container/.cache/matplotlib
2025-04-06 21:04:18 [DEBUG] matplotlib.font_manager: Using fontManager instance from /home/container/.cache/matplotlib/fontlist-v390.json
2025-04-06 21:04:19 [INFO] bot.core: Loaded command: leaderboard
2025-04-06 21:04:19 [INFO] bot.core: Loaded command: load_url
2025-04-06 21:04:19 [INFO] bot.core: Loaded command: profile
2025-04-06 21:04:19 [INFO] bot.core: Loaded command: setid
2025-04-06 21:04:19 [INFO] bot.core: Loaded command: show_cappers
2025-04-06 21:04:19 [INFO] bot.core: Loaded command: stats
2025-04-06 21:04:19 [INFO] bot.core: Loaded command: subscription
2025-04-06 21:04:19 [INFO] bot.core: Assuming 'bet' command is handled by BetService internally.
2025-04-06 21:04:19 [INFO] bot.core: Application commands loaded.
2025-04-06 21:04:19 [INFO] web.server: Web server started at http://0.0.0.0:20900/
2025-04-06 21:04:19 [INFO] bot.core: Commands synced to test guild ID: 1328126227013439601
2025-04-06 21:04:21 [INFO] bot.services.voice_service: Voice service entering update loop.
2025-04-06 21:04:21 [DEBUG] bot.services.voice_service: Voice service sleeping for 39.00 seconds until next 5-min mark.
2025-04-06 21:04:21 [INFO] bot.core: Logged in as Bet Embed Generator (ID: 1341993312915034153)
2025-04-06 21:04:21 [INFO] bot.core: Discord.py version: 2.3.2
2025-04-06 21:04:21 [INFO] bot.core: Bot is ready and online.
2025-04-06 21:04:24 [DEBUG] bot.services.game_service: Starting game polling cycle...
2025-04-06 21:04:24 [DEBUG] data.db_manager: Fetching DB query: 
                    SELECT DISTINCT league
                    FROM bets
                    WHERE bet_won IS NULL AND bet_loss IS NULL AND league IS NOT NULL
                 with params: None
2025-04-06 21:04:24 [DEBUG] data.db_manager: Query fetch successful. Row count: 0
2025-04-06 21:04:24 [INFO] bot.services.game_service: No active leagues with pending bets found. Skipping API poll.
2025-04-06 21:04:38 [INFO] bot.services.bet_service: /bet initiated by 761388542965448767.
2025-04-06 21:04:38 [DEBUG] utils.serial_utils: Generated bet serial: 202504070404335
2025-04-06 21:04:42 [INFO] bot.services.bet_service: League selected: nba
2025-04-06 21:04:44 [INFO] bot.services.bet_service: Bet Type: Straight
2025-04-06 21:04:45 [INFO] bot.services.bet_service: Path chosen: Game Line
2025-04-06 21:05:00 [INFO] bot.services.voice_service: Voice service starting synchronized update cycle.
2025-04-06 21:05:00 [DEBUG] bot.services.voice_service: Updating voice channels for guild: Cookin' Books (1328126227013439601)
2025-04-06 21:05:00 [DEBUG] bot.services.voice_service: Skipping unit reset logic for guild 1328126227013439601 due to schema incompatibility.
2025-04-06 21:05:00 [DEBUG] data.db_manager: Fetching one DB query: SELECT voice_channel_id FROM server_settings WHERE guild_id = %s with params: (1328126227013439601,)
2025-04-06 21:05:00 [DEBUG] data.db_manager: Query fetch_one successful. Result found: Yes
2025-04-06 21:05:00 [DEBUG] bot.services.voice_service: Found Total Units channel 1357135914622779402 for guild 1328126227013439601
2025-04-06 21:05:00 [DEBUG] data.db_manager: Fetching one DB query: 
            SELECT SUM(CASE WHEN bet_won = 1 THEN units ELSE 0 END) -
                   SUM(CASE WHEN bet_loss = 1 THEN units ELSE 0 END) as net_units
            FROM bets
            WHERE guild_id = %s AND (bet_won = 1 OR bet_loss = 1)
         with params: (1328126227013439601,)
2025-04-06 21:05:00 [DEBUG] data.db_manager: Query fetch_one successful. Result found: Yes
2025-04-06 21:05:00 [DEBUG] bot.services.voice_service: Calculated net units for guild 1328126227013439601: 46.0
2025-04-06 21:05:00 [DEBUG] data.db_manager: Fetching DB query: 
                    SELECT bet_serial, event_id, league, team, opponent, game_start
                    FROM bets
                    WHERE guild_id = %s
                      AND bet_won IS NULL
                      AND bet_loss IS NULL
                      AND game_start IS NOT NULL
                      AND game_start BETWEEN %s AND %s
                 with params: (1328126227013439601, datetime.datetime(2025, 4, 6, 4, 5, 0, 510900, tzinfo=datetime.timezone.utc), datetime.datetime(2025, 4, 9, 4, 5, 0, 510900, tzinfo=datetime.timezone.utc))
2025-04-06 21:05:00 [DEBUG] data.db_manager: Query fetch successful. Row count: 0
2025-04-06 21:05:00 [DEBUG] bot.services.voice_service: Found 0 relevant pending bets for guild 1328126227013439601
2025-04-06 21:05:00 [INFO] bot.services.voice_service: Voice service update cycle finished.
2025-04-06 21:05:00 [DEBUG] bot.services.voice_service: Voice service sleeping for 300.00 seconds until next 5-min mark.
2025-04-06 21:05:01 [INFO] bot.services.bet_service: Game Line Modal submitted
2025-04-06 21:05:01 [DEBUG] bot.data.league.league_team_handler: Normalized team name: Lakers -> lakers for league nba
2025-04-06 21:05:01 [DEBUG] bot.data.cache_manager: Cache miss: team_logo_url_csv:nba:lakers
2025-04-06 21:05:01 [WARNING] utils.image_utils: Logo CSV not found: /home/container/bot/static/logos/nba_logos.csv
2025-04-06 21:05:07 [INFO] bot.services.bet_service: Units selected: 1
2025-04-06 21:05:11 [INFO] bot.services.bet_service: Units selected: 2
2025-04-06 21:05:13 [INFO] bot.services.bet_service: Units selected: 3
2025-04-06 21:05:16 [INFO] bot.services.bet_service: Channel selected: 1328126391073505422
2025-04-06 21:09:24 [DEBUG] bot.services.game_service: Starting game polling cycle...
2025-04-06 21:09:24 [DEBUG] data.db_manager: Fetching DB query: 
                    SELECT DISTINCT league
                    FROM bets
                    WHERE bet_won IS NULL AND bet_loss IS NULL AND league IS NOT NULL
                 with params: None
2025-04-06 21:09:24 [DEBUG] data.db_manager: Query fetch successful. Row count: 0
2025-04-06 21:09:24 [INFO] bot.services.game_service: No active leagues with pending bets found. Skipping API poll.
2025-04-06 21:09:28 [INFO] bot.services.bet_service: /bet initiated by 761388542965448767.
2025-04-06 21:09:28 [DEBUG] utils.serial_utils: Generated bet serial: 202504070409369
2025-04-06 21:09:32 [INFO] bot.services.bet_service: League selected: nba
2025-04-06 21:09:35 [INFO] bot.services.bet_service: Bet Type: Straight
2025-04-06 21:09:39 [INFO] bot.services.bet_service: Path chosen: Game Line
2025-04-06 21:09:55 [INFO] bot.services.bet_service: Game Line Modal submitted
2025-04-06 21:09:55 [DEBUG] bot.data.league.league_team_handler: Normalized team name: Lakers -> lakers for league nba
2025-04-06 21:09:55 [DEBUG] bot.data.cache_manager: Cache miss: team_logo_url_csv:nba:lakers
2025-04-06 21:09:55 [WARNING] utils.image_utils: Logo CSV not found: /home/container/bot/static/logos/nba_logos.csv
2025-04-06 21:10:00 [INFO] bot.services.voice_service: Voice service starting synchronized update cycle.
2025-04-06 21:10:00 [DEBUG] bot.services.voice_service: Updating voice channels for guild: Cookin' Books (1328126227013439601)
2025-04-06 21:10:00 [DEBUG] bot.services.voice_service: Skipping unit reset logic for guild 1328126227013439601 due to schema incompatibility.
2025-04-06 21:10:00 [DEBUG] data.db_manager: Fetching one DB query: SELECT voice_channel_id FROM server_settings WHERE guild_id = %s with params: (1328126227013439601,)
2025-04-06 21:10:00 [DEBUG] data.db_manager: Query fetch_one successful. Result found: Yes
2025-04-06 21:10:00 [DEBUG] bot.services.voice_service: Found Total Units channel 1357135914622779402 for guild 1328126227013439601
2025-04-06 21:10:00 [DEBUG] data.db_manager: Fetching one DB query: 
            SELECT SUM(CASE WHEN bet_won = 1 THEN units ELSE 0 END) -
                   SUM(CASE WHEN bet_loss = 1 THEN units ELSE 0 END) as net_units
            FROM bets
            WHERE guild_id = %s AND (bet_won = 1 OR bet_loss = 1)
         with params: (1328126227013439601,)
2025-04-06 21:10:00 [DEBUG] data.db_manager: Query fetch_one successful. Result found: Yes
2025-04-06 21:10:00 [DEBUG] bot.services.voice_service: Calculated net units for guild 1328126227013439601: 46.0
2025-04-06 21:10:00 [DEBUG] data.db_manager: Fetching DB query: 
                    SELECT bet_serial, event_id, league, team, opponent, game_start
                    FROM bets
                    WHERE guild_id = %s
                      AND bet_won IS NULL
                      AND bet_loss IS NULL
                      AND game_start IS NOT NULL
                      AND game_start BETWEEN %s AND %s
                 with params: (1328126227013439601, datetime.datetime(2025, 4, 6, 4, 10, 0, 567196, tzinfo=datetime.timezone.utc), datetime.datetime(2025, 4, 9, 4, 10, 0, 567196, tzinfo=datetime.timezone.utc))
2025-04-06 21:10:00 [DEBUG] data.db_manager: Query fetch successful. Row count: 0
2025-04-06 21:10:00 [DEBUG] bot.services.voice_service: Found 0 relevant pending bets for guild 1328126227013439601
2025-04-06 21:10:00 [INFO] bot.services.voice_service: Voice service update cycle finished.
2025-04-06 21:10:00 [DEBUG] bot.services.voice_service: Voice service sleeping for 300.00 seconds until next 5-min mark.
2025-04-06 21:10:09 [INFO] bot.services.bet_service: Channel selected: 1328126391073505422
2025-04-06 21:10:13 [INFO] bot.services.bet_service: Units selected: 1
2025-04-06 21:10:18 [INFO] bot.services.bet_service: Units selected: 2
2025-04-06 21:10:20 [INFO] bot.services.bet_service: Units selected: 3
2025-04-06 21:10:22 [INFO] bot.services.bet_service: Units selected: 1
