2025-04-06 19:09:59 [INFO] root: Logging configured successfully
2025-04-06 19:09:59 [INFO] __main__: Starting bot initialization
2025-04-06 19:09:59 [INFO] bot.data.db_manager: Attempting to connect to database s353073_bet_tracking_db at us.mysql.db.bot-hosting.net:3306
2025-04-06 19:10:00 [INFO] bot.data.db_manager: Database connection pool initialized successfully
2025-04-06 19:10:00 [DEBUG] bot.data.db_manager: Executing setup query 1...
2025-04-06 19:10:00 [DEBUG] bot.data.db_manager: Executing setup query 2...
2025-04-06 19:10:00 [DEBUG] bot.data.db_manager: Executing setup query 3...
2025-04-06 19:10:00 [DEBUG] bot.data.db_manager: Executing setup query 4...
2025-04-06 19:10:00 [INFO] bot.data.db_manager: Database tables checked/created successfully
2025-04-06 19:10:00 [INFO] __main__: Database connected successfully
2025-04-06 19:10:00 [DEBUG] __main__: Starting bot with Discord token (first 5 chars: MTM0M...)
2025-04-06 19:10:00 [INFO] bot.data.cache_manager: Attempting to connect to Redis at redis-14768.c246.us-east-1-4.ec2.redns.redis-cloud.com:14768
2025-04-06 19:10:01 [INFO] bot.data.cache_manager: Redis connection initialized successfully
2025-04-06 19:10:01 [INFO] api.sports_api: Sports API client session started
2025-04-06 19:10:01 [INFO] bot.services.game_service: Fetching initial game data for pending bets...
2025-04-06 19:10:01 [WARNING] data.db_manager: Database pool closed or not initialized. Attempting to reconnect.
2025-04-06 19:10:01 [INFO] data.db_manager: Attempting to connect to database s353073_bet_tracking_db at us.mysql.db.bot-hosting.net:3306
2025-04-06 19:10:01 [INFO] data.db_manager: Database connection pool initialized successfully
2025-04-06 19:10:01 [DEBUG] data.db_manager: Executing setup query 1...
2025-04-06 19:10:01 [DEBUG] data.db_manager: Executing setup query 2...
2025-04-06 19:10:01 [DEBUG] data.db_manager: Executing setup query 3...
2025-04-06 19:10:01 [DEBUG] data.db_manager: Executing setup query 4...
2025-04-06 19:10:01 [INFO] data.db_manager: Database tables checked/created successfully
2025-04-06 19:10:01 [DEBUG] data.db_manager: Fetching DB query: 
                SELECT DISTINCT event_id, league, team, opponent, game_start
                FROM bets
                WHERE event_id IS NOT NULL
                  AND bet_won IS NULL
                  AND bet_loss IS NULL
             with params: None
2025-04-06 19:10:01 [DEBUG] data.db_manager: Query fetch successful. Row count: 0
2025-04-06 19:10:01 [DEBUG] bot.services.game_service: Found 0 unique pending bet events to initialize.
2025-04-06 19:10:01 [WARNING] data.cache_manager: Redis client not initialized. Attempting connection.
2025-04-06 19:10:01 [INFO] data.cache_manager: Attempting to connect to Redis at redis-14768.c246.us-east-1-4.ec2.redns.redis-cloud.com:14768
2025-04-06 19:10:01 [INFO] data.cache_manager: Redis connection initialized successfully
2025-04-06 19:10:01 [DEBUG] data.cache_manager: Cache set: live_games (TTL: 600)
2025-04-06 19:10:01 [DEBUG] bot.services.game_service: Updated live games cache with 0 games.
2025-04-06 19:10:01 [INFO] bot.services.game_service: Initial game data fetching complete.
2025-04-06 19:10:01 [INFO] bot.services.game_service: Game service polling started.
2025-04-06 19:10:01 [INFO] bot.services.voice_service: Voice service started
2025-04-06 19:10:01 [INFO] web.server: Web application setup complete.
2025-04-06 19:10:01 [INFO] bot.core: Loading application commands...
2025-04-06 19:10:01 [INFO] bot.core: Loaded command: add_capper
2025-04-06 19:10:01 [INFO] bot.core: Loaded command: admin
2025-04-06 19:10:01 [INFO] bot.core: Loaded command: cancel_bet
2025-04-06 19:10:01 [INFO] bot.core: Loaded command: help
2025-04-06 19:10:02 [DEBUG] matplotlib: matplotlib data path: /home/container/.local/lib/python3.12/site-packages/matplotlib/mpl-data
2025-04-06 19:10:02 [DEBUG] matplotlib: CONFIGDIR=/home/container/.config/matplotlib
2025-04-06 19:10:02 [DEBUG] matplotlib: interactive is False
2025-04-06 19:10:02 [DEBUG] matplotlib: platform is linux
2025-04-06 19:10:02 [DEBUG] matplotlib: CACHEDIR=/home/container/.cache/matplotlib
2025-04-06 19:10:02 [DEBUG] matplotlib.font_manager: Using fontManager instance from /home/container/.cache/matplotlib/fontlist-v390.json
2025-04-06 19:10:02 [INFO] bot.core: Loaded command: leaderboard
2025-04-06 19:10:02 [INFO] bot.core: Loaded command: load_url
2025-04-06 19:10:02 [INFO] bot.core: Loaded command: profile
2025-04-06 19:10:02 [INFO] bot.core: Loaded command: setid
2025-04-06 19:10:02 [INFO] bot.core: Loaded command: show_cappers
2025-04-06 19:10:02 [INFO] bot.core: Loaded command: stats
2025-04-06 19:10:02 [INFO] bot.core: Loaded command: subscription
2025-04-06 19:10:02 [INFO] bot.core: Assuming 'bet' command is handled by BetService internally.
2025-04-06 19:10:02 [INFO] bot.core: Application commands loaded.
2025-04-06 19:10:02 [INFO] web.server: Web server started at http://0.0.0.0:20900/
2025-04-06 19:10:03 [INFO] bot.core: Commands synced to test guild ID: 1328126227013439601
2025-04-06 19:10:05 [INFO] bot.core: Logged in as Bet Embed Generator (ID: 1341993312915034153)
2025-04-06 19:10:05 [INFO] bot.core: Discord.py version: 2.3.2
2025-04-06 19:10:05 [INFO] bot.core: Bot is ready and online.
2025-04-06 19:10:07 [DEBUG] bot.services.game_service: Starting game polling cycle...
2025-04-06 19:10:07 [DEBUG] data.db_manager: Fetching DB query: 
                    SELECT DISTINCT league
                    FROM bets
                    WHERE bet_won IS NULL AND bet_loss IS NULL AND league IS NOT NULL
                 with params: None
2025-04-06 19:10:07 [DEBUG] data.db_manager: Query fetch successful. Row count: 0
2025-04-06 19:10:07 [INFO] bot.services.game_service: No active leagues with pending bets found. Skipping API poll.
