2025-04-11 00:14:33 [INFO] root: Logging configured successfully
2025-04-11 00:14:33 [DEBUG] asyncio: Using selector: EpollSelector
2025-04-11 00:14:33 [INFO] __main__: Initializing database connection...
2025-04-11 00:14:33 [INFO] bot.data.db_manager: Attempting to connect to database customer_990306_bet_tracker_bot at na01-sql.pebblehost.com:3306
2025-04-11 00:14:33 [INFO] bot.data.db_manager: Database connection pool initialized successfully
2025-04-11 00:14:33 [DEBUG] bot.data.db_manager: Executing setup query 1...
2025-04-11 00:14:33 [DEBUG] bot.data.db_manager: Executing setup query 2...
2025-04-11 00:14:33 [DEBUG] bot.data.db_manager: Executing setup query 3...
2025-04-11 00:14:33 [DEBUG] bot.data.db_manager: Executing setup query 4...
2025-04-11 00:14:33 [INFO] bot.data.db_manager: Database tables checked/created successfully
2025-04-11 00:14:33 [INFO] __main__: Initializing cache connection...
2025-04-11 00:14:33 [INFO] bot.data.cache_manager: Attempting to connect to Redis at redis-14768.c246.us-east-1-4.ec2.redns.redis-cloud.com:14768
2025-04-11 00:14:33 [INFO] bot.data.cache_manager: Redis connection initialized successfully
2025-04-11 00:14:33 [INFO] __main__: Starting database logo synchronization...
2025-04-11 00:14:33 [INFO] bot.utils.image_utils.helpers: Starting logo synchronization from database...
2025-04-11 00:14:33 [DEBUG] bot.data.db_manager: Fetching DB query: SELECT league, conference, team, logo_image FROM league_teams_logos with params: None
2025-04-11 00:14:33 [DEBUG] bot.data.db_manager: Query fetch successful. Row count: 0
2025-04-11 00:14:33 [INFO] bot.utils.image_utils.helpers: Fetched 0 logo records from database.
2025-04-11 00:14:33 [WARNING] bot.utils.image_utils.helpers: No logo records found in database.
2025-04-11 00:14:33 [INFO] bot.data.db_manager: Database connection pool closed
2025-04-11 00:14:33 [DEBUG] bot.utils.image_utils.helpers: Database connection closed after logo synchronization.
2025-04-11 00:14:33 [INFO] __main__: Database logo synchronization finished.
2025-04-11 00:14:33 [INFO] __main__: Initializing BettingBot...
2025-04-11 00:14:33 [INFO] __main__: Starting bot...
2025-04-11 00:14:34 [INFO] bot.data.db_manager: Attempting to connect to database customer_990306_bet_tracker_bot at na01-sql.pebblehost.com:3306
2025-04-11 00:14:34 [INFO] bot.data.db_manager: Database connection pool initialized successfully
2025-04-11 00:14:34 [DEBUG] bot.data.db_manager: Executing setup query 1...
2025-04-11 00:14:34 [DEBUG] bot.data.db_manager: Executing setup query 2...
2025-04-11 00:14:34 [DEBUG] bot.data.db_manager: Executing setup query 3...
2025-04-11 00:14:34 [DEBUG] bot.data.db_manager: Executing setup query 4...
2025-04-11 00:14:34 [INFO] bot.data.db_manager: Database tables checked/created successfully
2025-04-11 00:14:34 [DEBUG] bot.data.cache_manager: Redis connection already active.
2025-04-11 00:14:34 [INFO] api.sports_api: Sports API client session started
2025-04-11 00:14:34 [INFO] bot.services.game_service: Fetching initial game data for pending bets...
2025-04-11 00:14:34 [WARNING] data.db_manager: Database pool closed or not initialized. Attempting to reconnect.
2025-04-11 00:14:34 [INFO] data.db_manager: Attempting to connect to database customer_990306_bet_tracker_bot at na01-sql.pebblehost.com:3306
2025-04-11 00:14:34 [INFO] data.db_manager: Database connection pool initialized successfully
2025-04-11 00:14:34 [DEBUG] data.db_manager: Executing setup query 1...
2025-04-11 00:14:34 [DEBUG] data.db_manager: Executing setup query 2...
2025-04-11 00:14:34 [DEBUG] data.db_manager: Executing setup query 3...
2025-04-11 00:14:34 [DEBUG] data.db_manager: Executing setup query 4...
2025-04-11 00:14:34 [INFO] data.db_manager: Database tables checked/created successfully
2025-04-11 00:14:34 [DEBUG] data.db_manager: Fetching DB query: 
                SELECT DISTINCT event_id, league, team, opponent, game_start
                FROM bets
                WHERE event_id IS NOT NULL
                  AND bet_won IS NULL
                  AND bet_loss IS NULL
             with params: None
2025-04-11 00:14:34 [DEBUG] data.db_manager: Query fetch successful. Row count: 0
2025-04-11 00:14:34 [DEBUG] bot.services.game_service: Found 0 unique pending bet events to initialize.
2025-04-11 00:14:34 [WARNING] data.cache_manager: Redis client not initialized. Attempting connection.
2025-04-11 00:14:34 [INFO] data.cache_manager: Attempting to connect to Redis at redis-14768.c246.us-east-1-4.ec2.redns.redis-cloud.com:14768
2025-04-11 00:14:34 [INFO] data.cache_manager: Redis connection initialized successfully
2025-04-11 00:14:34 [DEBUG] data.cache_manager: Cache set: live_games (TTL: 600)
2025-04-11 00:14:34 [DEBUG] bot.services.game_service: Updated live games cache with 0 games.
2025-04-11 00:14:34 [INFO] bot.services.game_service: Initial game data fetching complete.
2025-04-11 00:14:34 [INFO] bot.services.game_service: Game service polling started.
2025-04-11 00:14:34 [INFO] bot.services.voice_service: Voice service update loop started.
2025-04-11 00:14:34 [INFO] web.server: Web application setup complete.
2025-04-11 00:14:34 [INFO] bot.core: Loading application commands...
2025-04-11 00:14:34 [INFO] bot.core: Loaded command: add_capper
2025-04-11 00:14:34 [INFO] bot.core: Loaded command: admin
2025-04-11 00:14:34 [INFO] bot.core: Loaded command: cancel_bet
2025-04-11 00:14:34 [INFO] bot.core: Loaded command: help
2025-04-11 00:14:34 [DEBUG] matplotlib: matplotlib data path: /home/container/.local/lib/python3.12/site-packages/matplotlib/mpl-data
2025-04-11 00:14:34 [DEBUG] matplotlib: CONFIGDIR=/home/container/.config/matplotlib
2025-04-11 00:14:34 [DEBUG] matplotlib: interactive is False
2025-04-11 00:14:34 [DEBUG] matplotlib: platform is linux
2025-04-11 00:14:34 [DEBUG] matplotlib: CACHEDIR=/home/container/.cache/matplotlib
2025-04-11 00:14:34 [DEBUG] matplotlib.font_manager: Using fontManager instance from /home/container/.cache/matplotlib/fontlist-v390.json
2025-04-11 00:14:34 [INFO] bot.core: Loaded command: leaderboard
2025-04-11 00:14:34 [INFO] bot.core: Loaded command: load_url
2025-04-11 00:14:34 [INFO] bot.core: Loaded command: profile
2025-04-11 00:14:34 [INFO] bot.core: Loaded command: setid
2025-04-11 00:14:34 [INFO] bot.core: Loaded command: show_cappers
2025-04-11 00:14:34 [INFO] bot.core: Loaded command: stats
2025-04-11 00:14:34 [INFO] bot.core: Loaded command: subscription
2025-04-11 00:14:34 [INFO] bot.core: Assuming 'bet' command is handled by BetService internally.
2025-04-11 00:14:34 [INFO] bot.core: Application commands loaded.
2025-04-11 00:14:34 [INFO] web.server: Web server started at http://0.0.0.0:20900/
2025-04-11 00:14:35 [INFO] bot.core: Commands synced to test guild ID: 1328126227013439601
2025-04-11 00:14:37 [INFO] bot.services.voice_service: Voice service entering update loop.
2025-04-11 00:14:37 [DEBUG] bot.services.voice_service: Voice service sleeping for 23.00 seconds until next 5-min mark.
2025-04-11 00:14:37 [INFO] bot.core: Logged in as Bet Embed Generator (ID: 1341993312915034153)
2025-04-11 00:14:37 [INFO] bot.core: Discord.py version: 2.3.2
2025-04-11 00:14:37 [INFO] bot.core: Bot is ready and online.
2025-04-11 00:14:39 [DEBUG] bot.services.game_service: Starting game polling cycle...
2025-04-11 00:14:39 [DEBUG] data.db_manager: Fetching DB query: 
                    SELECT DISTINCT league
                    FROM bets
                    WHERE bet_won IS NULL AND bet_loss IS NULL AND league IS NOT NULL
                 with params: None
2025-04-11 00:14:39 [DEBUG] data.db_manager: Query fetch successful. Row count: 0
2025-04-11 00:14:39 [INFO] bot.services.game_service: No active leagues with pending bets found. Skipping API poll.
2025-04-11 00:14:43 [INFO] bot.services.admin_handler: Admin command invoked by ghilliestew (ID: 761388542965448767) in guild 1328126227013439601
2025-04-11 00:14:43 [DEBUG] bot.services.admin_handler: Deferred initial /admin interaction
2025-04-11 00:14:43 [DEBUG] bot.services.admin_handler: Fetching settings for guild_id: 1328126227013439601
2025-04-11 00:14:43 [DEBUG] bot.data.db_manager: Fetching one DB query: 
            SELECT embed_channel_1, embed_channel_2, command_channel_1, command_channel_2,
                   admin_channel_1, admin_role, authorized_role, daily_report_time,
                   voice_channel_id, bot_name_mask, bot_image_mask
            FROM server_settings
            WHERE guild_id = %s
         with params: (1328126227013439601,)
2025-04-11 00:14:43 [DEBUG] bot.data.db_manager: Query fetch_one successful. Result found: No
2025-04-11 00:14:43 [DEBUG] bot.services.admin_handler: Raw settings data: None
2025-04-11 00:14:43 [DEBUG] bot.data.db_manager: Fetching one DB query: SELECT subscription_status FROM subscribers WHERE guild_id = %s with params: (1328126227013439601,)
2025-04-11 00:14:43 [DEBUG] bot.data.db_manager: Query fetch_one successful. Result found: No
2025-04-11 00:14:43 [DEBUG] bot.services.admin_handler: Raw subscription data: None
2025-04-11 00:14:43 [DEBUG] bot.services.admin_handler: Processed settings: {'subscription_status': 'free', 'embed_channel_1': None, 'embed_channel_2': None, 'command_channel_1': None, 'command_channel_2': None, 'admin_channel_id': None, 'admin_role': None, 'authorized_role': None, 'voice_channel_id': None}
2025-04-11 00:14:43 [DEBUG] bot.services.admin_handler: Creating AdminSettingsView...
2025-04-11 00:14:43 [DEBUG] bot.services.admin_handler: AdminSettingsView initialized for guild 1328126227013439601. Paid: False
2025-04-11 00:14:43 [DEBUG] bot.services.admin_handler: [View Build] Building main view for guild 1328126227013439601
2025-04-11 00:14:43 [DEBUG] bot.services.admin_handler: Main view built successfully.
2025-04-11 00:14:43 [DEBUG] bot.services.admin_handler: Sending initial view via followup...
2025-04-11 00:14:43 [INFO] bot.services.admin_handler: Admin settings view sent to user 761388542965448767
2025-04-11 00:14:48 [DEBUG] bot.services.admin_handler: start_channels_config called by User 761388542965448767
2025-04-11 00:14:48 [DEBUG] bot.services.admin_handler: Deferred interaction for start_channels_config
2025-04-11 00:14:48 [DEBUG] bot.services.admin_handler: [View Build] Building channel config step: EMBED_CH_1 for guild 1328126227013439601
2025-04-11 00:14:48 [ERROR] bot.services.admin_handler: Error during start_channels_config: item would not fit at row 0 (6 > 5 width)
Traceback (most recent call last):
  File "/home/container/bot/services/admin_handler.py", line 670, in start_channels_config
    await self._build_channel_config_step(interaction)
  File "/home/container/bot/services/admin_handler.py", line 387, in _build_channel_config_step
    self._add_common_buttons(self.next_channel_step_callback, self.cancel_sequential_config_callback, final_step=is_final_step)
  File "/home/container/bot/services/admin_handler.py", line 302, in _add_common_buttons
    self._add_item_safe(save_btn)
  File "/home/container/bot/services/admin_handler.py", line 290, in _add_item_safe
    self.add_item(item)
  File "/home/container/.local/lib/python3.12/site-packages/discord/ui/view.py", line 326, in add_item
    self.__weights.add_item(item)
  File "/home/container/.local/lib/python3.12/site-packages/discord/ui/view.py", line 112, in add_item
    raise ValueError(f'item would not fit at row {item.row} ({total} > 5 width)')
ValueError: item would not fit at row 0 (6 > 5 width)
2025-04-11 00:14:51 [DEBUG] bot.services.admin_handler: Interaction check passed for user 761388542965448767. Component: admin_cfg_roles
2025-04-11 00:14:51 [DEBUG] bot.services.admin_handler: start_roles_config called by User 761388542965448767
2025-04-11 00:14:51 [DEBUG] bot.services.admin_handler: Deferred interaction for start_roles_config
2025-04-11 00:14:51 [DEBUG] bot.services.admin_handler: [View Build] Building role config step: ADMIN_ROLE for guild 1328126227013439601
2025-04-11 00:14:51 [ERROR] bot.services.admin_handler: Error during start_roles_config: item would not fit at row 0 (6 > 5 width)
Traceback (most recent call last):
  File "/home/container/bot/services/admin_handler.py", line 685, in start_roles_config
    await self._build_role_config_step(interaction)
  File "/home/container/bot/services/admin_handler.py", line 425, in _build_role_config_step
    self._add_common_buttons(self.next_role_step_callback, self.cancel_sequential_config_callback, final_step=is_final_step)
  File "/home/container/bot/services/admin_handler.py", line 302, in _add_common_buttons
    self._add_item_safe(save_btn)
  File "/home/container/bot/services/admin_handler.py", line 290, in _add_item_safe
    self.add_item(item)
  File "/home/container/.local/lib/python3.12/site-packages/discord/ui/view.py", line 326, in add_item
    self.__weights.add_item(item)
  File "/home/container/.local/lib/python3.12/site-packages/discord/ui/view.py", line 112, in add_item
    raise ValueError(f'item would not fit at row {item.row} ({total} > 5 width)')
ValueError: item would not fit at row 0 (6 > 5 width)
2025-04-11 00:14:53 [DEBUG] bot.services.admin_handler: Interaction check passed for user 761388542965448767. Component: admin_cfg_sub_dynamic
2025-04-11 00:14:53 [DEBUG] bot.services.admin_handler: configure_subscription_callback pressed.
2025-04-11 00:14:53 [ERROR] discord.ui.view: Ignoring exception in view <AdminSettingsView timeout=360 children=1> for item <Button style=<ButtonStyle.secondary: 2> url=None disabled=False label='Subscription (Status: FREE)' emoji=None row=1>
Traceback (most recent call last):
  File "/home/container/.local/lib/python3.12/site-packages/discord/ui/view.py", line 427, in _scheduled_task
    await item.callback(interaction)
  File "/home/container/bot/services/admin_handler.py", line 714, in configure_subscription_callback
    latest_settings = await self._get_latest_settings(interaction);
                            ^^^^^^^^^^^^^^^^^^^^^^^^^
AttributeError: 'AdminSettingsView' object has no attribute '_get_latest_settings'
2025-04-11 00:15:00 [INFO] bot.services.voice_service: Voice service starting synchronized update cycle.
2025-04-11 00:15:00 [DEBUG] bot.services.voice_service: Updating voice channels for guild: Cookin' Books (1328126227013439601)
2025-04-11 00:15:00 [DEBUG] bot.services.voice_service: Skipping unit reset logic for guild 1328126227013439601 due to schema incompatibility.
2025-04-11 00:15:00 [DEBUG] data.db_manager: Fetching one DB query: SELECT voice_channel_id FROM server_settings WHERE guild_id = %s with params: (1328126227013439601,)
2025-04-11 00:15:00 [DEBUG] data.db_manager: Query fetch_one successful. Result found: No
2025-04-11 00:15:00 [DEBUG] bot.services.voice_service: No Total Units channel set for guild 1328126227013439601
2025-04-11 00:15:00 [DEBUG] data.db_manager: Fetching DB query: 
                    SELECT bet_serial, event_id, league, team, opponent, game_start
                    FROM bets
                    WHERE guild_id = %s
                      AND bet_won IS NULL
                      AND bet_loss IS NULL
                      AND game_start IS NOT NULL
                      AND game_start BETWEEN %s AND %s
                 with params: (1328126227013439601, datetime.datetime(2025, 4, 10, 0, 15, 0, 308491, tzinfo=datetime.timezone.utc), datetime.datetime(2025, 4, 13, 0, 15, 0, 308491, tzinfo=datetime.timezone.utc))
2025-04-11 00:15:00 [DEBUG] data.db_manager: Query fetch successful. Row count: 0
2025-04-11 00:15:00 [DEBUG] bot.services.voice_service: Found 0 relevant pending bets for guild 1328126227013439601
2025-04-11 00:15:00 [INFO] bot.services.voice_service: Voice service update cycle finished.
2025-04-11 00:15:00 [DEBUG] bot.services.voice_service: Voice service sleeping for 300.00 seconds until next 5-min mark.
