2025-04-06 21:39:43 [INFO] root: Logging configured successfully
2025-04-06 21:39:43 [DEBUG] asyncio: Using selector: EpollSelector
2025-04-06 21:39:43 [INFO] root: Logging configured successfully
2025-04-06 21:39:43 [INFO] __main__: Starting bot initialization
2025-04-06 21:39:43 [INFO] bot.data.db_manager: Attempting to connect to database s353073_bet_tracking_db at us.mysql.db.bot-hosting.net:3306
2025-04-06 21:40:11 [INFO] bot.data.db_manager: Database connection pool initialized successfully
2025-04-06 21:40:11 [DEBUG] bot.data.db_manager: Executing setup query 1...
2025-04-06 21:40:11 [DEBUG] bot.data.db_manager: Executing setup query 2...
2025-04-06 21:40:11 [DEBUG] bot.data.db_manager: Executing setup query 3...
2025-04-06 21:40:11 [DEBUG] bot.data.db_manager: Executing setup query 4...
2025-04-06 21:40:11 [INFO] bot.data.db_manager: Database tables checked/created successfully
2025-04-06 21:40:11 [INFO] __main__: Database connected successfully
2025-04-06 21:40:11 [DEBUG] __main__: Starting bot with Discord token (first 5 chars: MTM0M...)
2025-04-06 21:40:12 [INFO] bot.data.cache_manager: Attempting to connect to Redis at redis-14768.c246.us-east-1-4.ec2.redns.redis-cloud.com:14768
2025-04-06 21:40:12 [INFO] bot.data.cache_manager: Redis connection initialized successfully
2025-04-06 21:40:12 [INFO] api.sports_api: Sports API client session started
2025-04-06 21:40:12 [INFO] bot.services.game_service: Fetching initial game data for pending bets...
2025-04-06 21:40:12 [WARNING] data.db_manager: Database pool closed or not initialized. Attempting to reconnect.
2025-04-06 21:40:12 [INFO] data.db_manager: Attempting to connect to database s353073_bet_tracking_db at us.mysql.db.bot-hosting.net:3306
2025-04-06 21:40:12 [INFO] data.db_manager: Database connection pool initialized successfully
2025-04-06 21:40:12 [DEBUG] data.db_manager: Executing setup query 1...
2025-04-06 21:40:12 [DEBUG] data.db_manager: Executing setup query 2...
2025-04-06 21:40:12 [DEBUG] data.db_manager: Executing setup query 3...
2025-04-06 21:40:13 [DEBUG] data.db_manager: Executing setup query 4...
2025-04-06 21:40:13 [INFO] data.db_manager: Database tables checked/created successfully
2025-04-06 21:40:13 [DEBUG] data.db_manager: Fetching DB query: 
                SELECT DISTINCT event_id, league, team, opponent, game_start
                FROM bets
                WHERE event_id IS NOT NULL
                  AND bet_won IS NULL
                  AND bet_loss IS NULL
             with params: None
2025-04-06 21:40:13 [DEBUG] data.db_manager: Query fetch successful. Row count: 0
2025-04-06 21:40:13 [DEBUG] bot.services.game_service: Found 0 unique pending bet events to initialize.
2025-04-06 21:40:13 [WARNING] data.cache_manager: Redis client not initialized. Attempting connection.
2025-04-06 21:40:13 [INFO] data.cache_manager: Attempting to connect to Redis at redis-14768.c246.us-east-1-4.ec2.redns.redis-cloud.com:14768
2025-04-06 21:40:13 [INFO] data.cache_manager: Redis connection initialized successfully
2025-04-06 21:40:13 [DEBUG] data.cache_manager: Cache set: live_games (TTL: 600)
2025-04-06 21:40:13 [DEBUG] bot.services.game_service: Updated live games cache with 0 games.
2025-04-06 21:40:13 [INFO] bot.services.game_service: Initial game data fetching complete.
2025-04-06 21:40:13 [INFO] bot.services.game_service: Game service polling started.
2025-04-06 21:40:13 [INFO] bot.services.voice_service: Voice service update loop started.
2025-04-06 21:40:13 [INFO] web.server: Web application setup complete.
2025-04-06 21:40:13 [INFO] bot.core: Loading application commands...
2025-04-06 21:40:13 [INFO] bot.core: Loaded command: add_capper
2025-04-06 21:40:13 [ERROR] bot.core: Failed load command admin: cannot import name 'admin_command_handler' from 'bot.services.admin_handler' (/home/container/bot/services/admin_handler.py)
2025-04-06 21:40:13 [INFO] bot.core: Loaded command: cancel_bet
2025-04-06 21:40:13 [INFO] bot.core: Loaded command: help
2025-04-06 21:40:13 [DEBUG] matplotlib: matplotlib data path: /home/container/.local/lib/python3.12/site-packages/matplotlib/mpl-data
2025-04-06 21:40:13 [DEBUG] matplotlib: CONFIGDIR=/home/container/.config/matplotlib
2025-04-06 21:40:13 [DEBUG] matplotlib: interactive is False
2025-04-06 21:40:13 [DEBUG] matplotlib: platform is linux
2025-04-06 21:40:13 [DEBUG] matplotlib: CACHEDIR=/home/container/.cache/matplotlib
2025-04-06 21:40:13 [DEBUG] matplotlib.font_manager: Using fontManager instance from /home/container/.cache/matplotlib/fontlist-v390.json
2025-04-06 21:40:13 [INFO] bot.core: Loaded command: leaderboard
2025-04-06 21:40:13 [INFO] bot.core: Loaded command: load_url
2025-04-06 21:40:13 [INFO] bot.core: Loaded command: profile
2025-04-06 21:40:13 [INFO] bot.core: Loaded command: setid
2025-04-06 21:40:13 [INFO] bot.core: Loaded command: show_cappers
2025-04-06 21:40:13 [INFO] bot.core: Loaded command: stats
2025-04-06 21:40:13 [INFO] bot.core: Loaded command: subscription
2025-04-06 21:40:13 [INFO] bot.core: Assuming 'bet' command is handled by BetService internally.
2025-04-06 21:40:13 [INFO] bot.core: Application commands loaded.
2025-04-06 21:40:13 [INFO] web.server: Web server started at http://0.0.0.0:20900/
2025-04-06 21:40:14 [INFO] bot.core: Commands synced to test guild ID: 1328126227013439601
2025-04-06 21:40:16 [INFO] bot.services.voice_service: Voice service entering update loop.
2025-04-06 21:40:16 [DEBUG] bot.services.voice_service: Voice service sleeping for 284.00 seconds until next 5-min mark.
2025-04-06 21:40:16 [INFO] bot.core: Logged in as Bet Embed Generator (ID: 1341993312915034153)
2025-04-06 21:40:16 [INFO] bot.core: Discord.py version: 2.3.2
2025-04-06 21:40:16 [INFO] bot.core: Bot is ready and online.
2025-04-06 21:40:18 [DEBUG] bot.services.game_service: Starting game polling cycle...
2025-04-06 21:40:18 [DEBUG] data.db_manager: Fetching DB query: 
                    SELECT DISTINCT league
                    FROM bets
                    WHERE bet_won IS NULL AND bet_loss IS NULL AND league IS NOT NULL
                 with params: None
2025-04-06 21:40:19 [DEBUG] data.db_manager: Query fetch successful. Row count: 0
2025-04-06 21:40:19 [INFO] bot.services.game_service: No active leagues with pending bets found. Skipping API poll.
2025-04-06 21:42:44 [ERROR] discord.app_commands.tree: Ignoring exception in command tree
Traceback (most recent call last):
  File "/home/container/.local/lib/python3.12/site-packages/discord/app_commands/tree.py", line 1089, in wrapper
    await self._call(interaction)
  File "/home/container/.local/lib/python3.12/site-packages/discord/app_commands/tree.py", line 1221, in _call
    command, options = self._get_app_command_options(data)
                       ^^^^^^^^^^^^^^^^^^^^^^^^^^^^^^^^^^^
  File "/home/container/.local/lib/python3.12/site-packages/discord/app_commands/tree.py", line 1125, in _get_app_command_options
    raise CommandNotFound(name, parents)
discord.app_commands.errors.CommandNotFound: Application command 'adminsetup' not found
2025-04-06 21:45:00 [INFO] bot.services.voice_service: Voice service starting synchronized update cycle.
2025-04-06 21:45:00 [DEBUG] bot.services.voice_service: Updating voice channels for guild: Cookin' Books (1328126227013439601)
2025-04-06 21:45:00 [DEBUG] bot.services.voice_service: Skipping unit reset logic for guild 1328126227013439601 due to schema incompatibility.
2025-04-06 21:45:00 [DEBUG] data.db_manager: Fetching one DB query: SELECT voice_channel_id FROM server_settings WHERE guild_id = %s with params: (1328126227013439601,)
2025-04-06 21:45:00 [DEBUG] data.db_manager: Query fetch_one successful. Result found: Yes
2025-04-06 21:45:00 [DEBUG] bot.services.voice_service: Found Total Units channel 1357135914622779402 for guild 1328126227013439601
2025-04-06 21:45:00 [DEBUG] data.db_manager: Fetching one DB query: 
            SELECT SUM(CASE WHEN bet_won = 1 THEN units ELSE 0 END) -
                   SUM(CASE WHEN bet_loss = 1 THEN units ELSE 0 END) as net_units
            FROM bets
            WHERE guild_id = %s AND (bet_won = 1 OR bet_loss = 1)
         with params: (1328126227013439601,)
2025-04-06 21:45:00 [DEBUG] data.db_manager: Query fetch_one successful. Result found: Yes
2025-04-06 21:45:00 [DEBUG] bot.services.voice_service: Calculated net units for guild 1328126227013439601: 46.0
2025-04-06 21:45:00 [DEBUG] data.db_manager: Fetching DB query: 
                    SELECT bet_serial, event_id, league, team, opponent, game_start
                    FROM bets
                    WHERE guild_id = %s
                      AND bet_won IS NULL
                      AND bet_loss IS NULL
                      AND game_start IS NOT NULL
                      AND game_start BETWEEN %s AND %s
                 with params: (1328126227013439601, datetime.datetime(2025, 4, 6, 4, 45, 0, 395189, tzinfo=datetime.timezone.utc), datetime.datetime(2025, 4, 9, 4, 45, 0, 395189, tzinfo=datetime.timezone.utc))
2025-04-06 21:45:00 [DEBUG] data.db_manager: Query fetch successful. Row count: 0
2025-04-06 21:45:00 [DEBUG] bot.services.voice_service: Found 0 relevant pending bets for guild 1328126227013439601
2025-04-06 21:45:00 [INFO] bot.services.voice_service: Voice service update cycle finished.
2025-04-06 21:45:00 [DEBUG] bot.services.voice_service: Voice service sleeping for 300.00 seconds until next 5-min mark.
2025-04-06 21:45:19 [DEBUG] bot.services.game_service: Starting game polling cycle...
2025-04-06 21:45:19 [DEBUG] data.db_manager: Fetching DB query: 
                    SELECT DISTINCT league
                    FROM bets
                    WHERE bet_won IS NULL AND bet_loss IS NULL AND league IS NOT NULL
                 with params: None
2025-04-06 21:45:19 [DEBUG] data.db_manager: Query fetch successful. Row count: 0
2025-04-06 21:45:19 [INFO] bot.services.game_service: No active leagues with pending bets found. Skipping API poll.
